<?xml version="1.0" encoding="UTF-8"?>
<testng-results ignored="0" total="73" passed="73" failed="0" skipped="0">
  <reporter-output>
  </reporter-output>
  <suite started-at="2024-07-24T01:17:04 EDT" name="Surefire suite" finished-at="2024-07-24T01:17:07 EDT" duration-ms="2275">
    <groups>
    </groups>
    <test started-at="2024-07-24T01:17:04 EDT" name="Surefire test" finished-at="2024-07-24T01:17:07 EDT" duration-ms="2275">
      <class name="com.farms4life2016.chapter03.TestWaifumonServices6">
        <test-method is-config="true" signature="springTestContextPrepareTestInstance()[pri:0, instance:com.farms4life2016.chapter03.TestWaifumonServices6@524d6d96]" started-at="2024-07-24T01:17:05 EDT" name="springTestContextPrepareTestInstance" finished-at="2024-07-24T01:17:05 EDT" depends-on-methods="org.springframework.test.context.testng.AbstractTestNGSpringContextTests.springTestContextBeforeTestClass" duration-ms="66" status="PASS">
          <reporter-output>
          </reporter-output>
        </test-method> <!-- springTestContextPrepareTestInstance -->
        <test-method is-config="true" signature="springTestContextBeforeTestClass()[pri:0, instance:com.farms4life2016.chapter03.TestWaifumonServices6@524d6d96]" started-at="2024-07-24T01:17:05 EDT" name="springTestContextBeforeTestClass" finished-at="2024-07-24T01:17:05 EDT" duration-ms="0" status="PASS">
          <reporter-output>
          </reporter-output>
        </test-method> <!-- springTestContextBeforeTestClass -->
        <test-method is-config="true" signature="springTestContextBeforeTestMethod(java.lang.reflect.Method)[pri:0, instance:com.farms4life2016.chapter03.TestWaifumonServices6@524d6d96]" started-at="2024-07-24T01:17:05 EDT" name="springTestContextBeforeTestMethod" finished-at="2024-07-24T01:17:05 EDT" duration-ms="1" status="PASS">
          <params>
            <param index="0">
              <value>
                <![CDATA[public void com.farms4life2016.chapter03.TestWaifumonServices6.testMatchingCandidateNames()]]>
              </value>
            </param>
          </params>
          <reporter-output>
          </reporter-output>
        </test-method> <!-- springTestContextBeforeTestMethod -->
        <test-method signature="testMatchingCandidateNames()[pri:0, instance:com.farms4life2016.chapter03.TestWaifumonServices6@524d6d96]" started-at="2024-07-24T01:17:05 EDT" name="testMatchingCandidateNames" finished-at="2024-07-24T01:17:05 EDT" duration-ms="1" status="PASS">
          <reporter-output>
          </reporter-output>
        </test-method> <!-- testMatchingCandidateNames -->
        <test-method is-config="true" signature="springTestContextBeforeTestMethod(java.lang.reflect.Method)[pri:0, instance:com.farms4life2016.chapter03.TestWaifumonServices6@524d6d96]" started-at="2024-07-24T01:17:05 EDT" name="springTestContextBeforeTestMethod" finished-at="2024-07-24T01:17:05 EDT" duration-ms="1" status="PASS">
          <params>
            <param index="0">
              <value>
                <![CDATA[public void com.farms4life2016.chapter03.TestWaifumonServices6.testMatchingReasonExplainationsForCandidate()]]>
              </value>
            </param>
          </params>
          <reporter-output>
          </reporter-output>
        </test-method> <!-- springTestContextBeforeTestMethod -->
        <test-method is-config="true" signature="springTestContextAfterTestMethod(java.lang.reflect.Method)[pri:0, instance:com.farms4life2016.chapter03.TestWaifumonServices6@524d6d96]" started-at="2024-07-24T01:17:05 EDT" name="springTestContextAfterTestMethod" finished-at="2024-07-24T01:17:05 EDT" duration-ms="0" status="PASS">
          <params>
            <param index="0">
              <value>
                <![CDATA[public void com.farms4life2016.chapter03.TestWaifumonServices6.testMatchingCandidateNames()]]>
              </value>
            </param>
          </params>
          <reporter-output>
          </reporter-output>
        </test-method> <!-- springTestContextAfterTestMethod -->
        <test-method signature="testMatchingReasonExplainationsForCandidate()[pri:0, instance:com.farms4life2016.chapter03.TestWaifumonServices6@524d6d96]" started-at="2024-07-24T01:17:05 EDT" name="testMatchingReasonExplainationsForCandidate" finished-at="2024-07-24T01:17:05 EDT" duration-ms="1" status="PASS">
          <reporter-output>
          </reporter-output>
        </test-method> <!-- testMatchingReasonExplainationsForCandidate -->
        <test-method is-config="true" signature="springTestContextAfterTestMethod(java.lang.reflect.Method)[pri:0, instance:com.farms4life2016.chapter03.TestWaifumonServices6@524d6d96]" started-at="2024-07-24T01:17:05 EDT" name="springTestContextAfterTestMethod" finished-at="2024-07-24T01:17:05 EDT" duration-ms="1" status="PASS">
          <params>
            <param index="0">
              <value>
                <![CDATA[public void com.farms4life2016.chapter03.TestWaifumonServices6.testMatchingReasonExplainationsForCandidate()]]>
              </value>
            </param>
          </params>
          <reporter-output>
          </reporter-output>
        </test-method> <!-- springTestContextAfterTestMethod -->
        <test-method is-config="true" signature="springTestContextBeforeTestMethod(java.lang.reflect.Method)[pri:0, instance:com.farms4life2016.chapter03.TestWaifumonServices6@524d6d96]" started-at="2024-07-24T01:17:05 EDT" name="springTestContextBeforeTestMethod" finished-at="2024-07-24T01:17:05 EDT" duration-ms="1" status="PASS">
          <params>
            <param index="0">
              <value>
                <![CDATA[public void com.farms4life2016.chapter03.TestWaifumonServices6.testReasonVoting()]]>
              </value>
            </param>
          </params>
          <reporter-output>
          </reporter-output>
        </test-method> <!-- springTestContextBeforeTestMethod -->
        <test-method signature="testReasonVoting()[pri:0, instance:com.farms4life2016.chapter03.TestWaifumonServices6@524d6d96]" started-at="2024-07-24T01:17:05 EDT" name="testReasonVoting" finished-at="2024-07-24T01:17:05 EDT" duration-ms="1" status="PASS">
          <reporter-output>
          </reporter-output>
        </test-method> <!-- testReasonVoting -->
        <test-method is-config="true" signature="springTestContextAfterTestMethod(java.lang.reflect.Method)[pri:0, instance:com.farms4life2016.chapter03.TestWaifumonServices6@524d6d96]" started-at="2024-07-24T01:17:05 EDT" name="springTestContextAfterTestMethod" finished-at="2024-07-24T01:17:05 EDT" duration-ms="2" status="PASS">
          <params>
            <param index="0">
              <value>
                <![CDATA[public void com.farms4life2016.chapter03.TestWaifumonServices6.testReasonVoting()]]>
              </value>
            </param>
          </params>
          <reporter-output>
          </reporter-output>
        </test-method> <!-- springTestContextAfterTestMethod -->
        <test-method signature="testReasonsForCandidate()[pri:0, instance:com.farms4life2016.chapter03.TestWaifumonServices6@524d6d96]" started-at="2024-07-24T01:17:05 EDT" name="testReasonsForCandidate" finished-at="2024-07-24T01:17:05 EDT" duration-ms="1" status="PASS">
          <reporter-output>
          </reporter-output>
        </test-method> <!-- testReasonsForCandidate -->
        <test-method is-config="true" signature="springTestContextBeforeTestMethod(java.lang.reflect.Method)[pri:0, instance:com.farms4life2016.chapter03.TestWaifumonServices6@524d6d96]" started-at="2024-07-24T01:17:05 EDT" name="springTestContextBeforeTestMethod" finished-at="2024-07-24T01:17:05 EDT" duration-ms="0" status="PASS">
          <params>
            <param index="0">
              <value>
                <![CDATA[public void com.farms4life2016.chapter03.TestWaifumonServices6.testReasonsForCandidate()]]>
              </value>
            </param>
          </params>
          <reporter-output>
          </reporter-output>
        </test-method> <!-- springTestContextBeforeTestMethod -->
        <test-method is-config="true" signature="springTestContextAfterTestMethod(java.lang.reflect.Method)[pri:0, instance:com.farms4life2016.chapter03.TestWaifumonServices6@524d6d96]" started-at="2024-07-24T01:17:05 EDT" name="springTestContextAfterTestMethod" finished-at="2024-07-24T01:17:05 EDT" duration-ms="0" status="PASS">
          <params>
            <param index="0">
              <value>
                <![CDATA[public void com.farms4life2016.chapter03.TestWaifumonServices6.testReasonsForCandidate()]]>
              </value>
            </param>
          </params>
          <reporter-output>
          </reporter-output>
        </test-method> <!-- springTestContextAfterTestMethod -->
        <test-method is-config="true" signature="springTestContextAfterTestClass()[pri:0, instance:com.farms4life2016.chapter03.TestWaifumonServices6@524d6d96]" started-at="2024-07-24T01:17:05 EDT" name="springTestContextAfterTestClass" finished-at="2024-07-24T01:17:05 EDT" duration-ms="1" status="PASS">
          <reporter-output>
          </reporter-output>
        </test-method> <!-- springTestContextAfterTestClass -->
      </class> <!-- com.farms4life2016.chapter03.TestWaifumonServices6 -->
      <class name="com.farms4life2016.chapter03.TestWaifumonServices5">
        <test-method is-config="true" signature="springTestContextBeforeTestClass()[pri:0, instance:com.farms4life2016.chapter03.TestWaifumonServices5@2525ff7e]" started-at="2024-07-24T01:17:05 EDT" name="springTestContextBeforeTestClass" finished-at="2024-07-24T01:17:05 EDT" duration-ms="0" status="PASS">
          <reporter-output>
          </reporter-output>
        </test-method> <!-- springTestContextBeforeTestClass -->
        <test-method is-config="true" signature="springTestContextPrepareTestInstance()[pri:0, instance:com.farms4life2016.chapter03.TestWaifumonServices5@2525ff7e]" started-at="2024-07-24T01:17:05 EDT" name="springTestContextPrepareTestInstance" finished-at="2024-07-24T01:17:05 EDT" depends-on-methods="org.springframework.test.context.testng.AbstractTestNGSpringContextTests.springTestContextBeforeTestClass" duration-ms="83" status="PASS">
          <reporter-output>
          </reporter-output>
        </test-method> <!-- springTestContextPrepareTestInstance -->
        <test-method is-config="true" signature="springTestContextBeforeTestMethod(java.lang.reflect.Method)[pri:0, instance:com.farms4life2016.chapter03.TestWaifumonServices5@2525ff7e]" started-at="2024-07-24T01:17:05 EDT" name="springTestContextBeforeTestMethod" finished-at="2024-07-24T01:17:05 EDT" duration-ms="1" status="PASS">
          <params>
            <param index="0">
              <value>
                <![CDATA[public void com.farms4life2016.chapter03.TestWaifumonServices5.testMatchingCandidateNames()]]>
              </value>
            </param>
          </params>
          <reporter-output>
          </reporter-output>
        </test-method> <!-- springTestContextBeforeTestMethod -->
        <test-method signature="testMatchingCandidateNames()[pri:0, instance:com.farms4life2016.chapter03.TestWaifumonServices5@2525ff7e]" started-at="2024-07-24T01:17:05 EDT" name="testMatchingCandidateNames" finished-at="2024-07-24T01:17:05 EDT" duration-ms="1" status="PASS">
          <reporter-output>
          </reporter-output>
        </test-method> <!-- testMatchingCandidateNames -->
        <test-method is-config="true" signature="springTestContextAfterTestMethod(java.lang.reflect.Method)[pri:0, instance:com.farms4life2016.chapter03.TestWaifumonServices5@2525ff7e]" started-at="2024-07-24T01:17:05 EDT" name="springTestContextAfterTestMethod" finished-at="2024-07-24T01:17:05 EDT" duration-ms="1" status="PASS">
          <params>
            <param index="0">
              <value>
                <![CDATA[public void com.farms4life2016.chapter03.TestWaifumonServices5.testMatchingCandidateNames()]]>
              </value>
            </param>
          </params>
          <reporter-output>
          </reporter-output>
        </test-method> <!-- springTestContextAfterTestMethod -->
        <test-method signature="testMatchingReasonExplainationsForCandidate()[pri:0, instance:com.farms4life2016.chapter03.TestWaifumonServices5@2525ff7e]" started-at="2024-07-24T01:17:05 EDT" name="testMatchingReasonExplainationsForCandidate" finished-at="2024-07-24T01:17:05 EDT" duration-ms="1" status="PASS">
          <reporter-output>
          </reporter-output>
        </test-method> <!-- testMatchingReasonExplainationsForCandidate -->
        <test-method is-config="true" signature="springTestContextBeforeTestMethod(java.lang.reflect.Method)[pri:0, instance:com.farms4life2016.chapter03.TestWaifumonServices5@2525ff7e]" started-at="2024-07-24T01:17:05 EDT" name="springTestContextBeforeTestMethod" finished-at="2024-07-24T01:17:05 EDT" duration-ms="0" status="PASS">
          <params>
            <param index="0">
              <value>
                <![CDATA[public void com.farms4life2016.chapter03.TestWaifumonServices5.testMatchingReasonExplainationsForCandidate()]]>
              </value>
            </param>
          </params>
          <reporter-output>
          </reporter-output>
        </test-method> <!-- springTestContextBeforeTestMethod -->
        <test-method is-config="true" signature="springTestContextAfterTestMethod(java.lang.reflect.Method)[pri:0, instance:com.farms4life2016.chapter03.TestWaifumonServices5@2525ff7e]" started-at="2024-07-24T01:17:05 EDT" name="springTestContextAfterTestMethod" finished-at="2024-07-24T01:17:05 EDT" duration-ms="1" status="PASS">
          <params>
            <param index="0">
              <value>
                <![CDATA[public void com.farms4life2016.chapter03.TestWaifumonServices5.testMatchingReasonExplainationsForCandidate()]]>
              </value>
            </param>
          </params>
          <reporter-output>
          </reporter-output>
        </test-method> <!-- springTestContextAfterTestMethod -->
        <test-method is-config="true" signature="springTestContextBeforeTestMethod(java.lang.reflect.Method)[pri:0, instance:com.farms4life2016.chapter03.TestWaifumonServices5@2525ff7e]" started-at="2024-07-24T01:17:05 EDT" name="springTestContextBeforeTestMethod" finished-at="2024-07-24T01:17:05 EDT" duration-ms="1" status="PASS">
          <params>
            <param index="0">
              <value>
                <![CDATA[public void com.farms4life2016.chapter03.TestWaifumonServices5.testReasonVoting()]]>
              </value>
            </param>
          </params>
          <reporter-output>
          </reporter-output>
        </test-method> <!-- springTestContextBeforeTestMethod -->
        <test-method signature="testReasonVoting()[pri:0, instance:com.farms4life2016.chapter03.TestWaifumonServices5@2525ff7e]" started-at="2024-07-24T01:17:05 EDT" name="testReasonVoting" finished-at="2024-07-24T01:17:05 EDT" duration-ms="2" status="PASS">
          <reporter-output>
          </reporter-output>
        </test-method> <!-- testReasonVoting -->
        <test-method is-config="true" signature="springTestContextAfterTestMethod(java.lang.reflect.Method)[pri:0, instance:com.farms4life2016.chapter03.TestWaifumonServices5@2525ff7e]" started-at="2024-07-24T01:17:05 EDT" name="springTestContextAfterTestMethod" finished-at="2024-07-24T01:17:05 EDT" duration-ms="1" status="PASS">
          <params>
            <param index="0">
              <value>
                <![CDATA[public void com.farms4life2016.chapter03.TestWaifumonServices5.testReasonVoting()]]>
              </value>
            </param>
          </params>
          <reporter-output>
          </reporter-output>
        </test-method> <!-- springTestContextAfterTestMethod -->
        <test-method is-config="true" signature="springTestContextBeforeTestMethod(java.lang.reflect.Method)[pri:0, instance:com.farms4life2016.chapter03.TestWaifumonServices5@2525ff7e]" started-at="2024-07-24T01:17:05 EDT" name="springTestContextBeforeTestMethod" finished-at="2024-07-24T01:17:05 EDT" duration-ms="1" status="PASS">
          <params>
            <param index="0">
              <value>
                <![CDATA[public void com.farms4life2016.chapter03.TestWaifumonServices5.testReasonsForCandidate()]]>
              </value>
            </param>
          </params>
          <reporter-output>
          </reporter-output>
        </test-method> <!-- springTestContextBeforeTestMethod -->
        <test-method signature="testReasonsForCandidate()[pri:0, instance:com.farms4life2016.chapter03.TestWaifumonServices5@2525ff7e]" started-at="2024-07-24T01:17:05 EDT" name="testReasonsForCandidate" finished-at="2024-07-24T01:17:05 EDT" duration-ms="1" status="PASS">
          <reporter-output>
          </reporter-output>
        </test-method> <!-- testReasonsForCandidate -->
        <test-method is-config="true" signature="springTestContextAfterTestClass()[pri:0, instance:com.farms4life2016.chapter03.TestWaifumonServices5@2525ff7e]" started-at="2024-07-24T01:17:05 EDT" name="springTestContextAfterTestClass" finished-at="2024-07-24T01:17:05 EDT" duration-ms="0" status="PASS">
          <reporter-output>
          </reporter-output>
        </test-method> <!-- springTestContextAfterTestClass -->
        <test-method is-config="true" signature="springTestContextAfterTestMethod(java.lang.reflect.Method)[pri:0, instance:com.farms4life2016.chapter03.TestWaifumonServices5@2525ff7e]" started-at="2024-07-24T01:17:05 EDT" name="springTestContextAfterTestMethod" finished-at="2024-07-24T01:17:05 EDT" duration-ms="0" status="PASS">
          <params>
            <param index="0">
              <value>
                <![CDATA[public void com.farms4life2016.chapter03.TestWaifumonServices5.testReasonsForCandidate()]]>
              </value>
            </param>
          </params>
          <reporter-output>
          </reporter-output>
        </test-method> <!-- springTestContextAfterTestMethod -->
      </class> <!-- com.farms4life2016.chapter03.TestWaifumonServices5 -->
      <class name="com.farms4life2016.chapter03.TestWaifumonServices4">
        <test-method is-config="true" signature="springTestContextBeforeTestClass()[pri:0, instance:com.farms4life2016.chapter03.TestWaifumonServices4@61d6015a]" started-at="2024-07-24T01:17:05 EDT" name="springTestContextBeforeTestClass" finished-at="2024-07-24T01:17:05 EDT" duration-ms="1" status="PASS">
          <reporter-output>
          </reporter-output>
        </test-method> <!-- springTestContextBeforeTestClass -->
        <test-method is-config="true" signature="springTestContextPrepareTestInstance()[pri:0, instance:com.farms4life2016.chapter03.TestWaifumonServices4@61d6015a]" started-at="2024-07-24T01:17:05 EDT" name="springTestContextPrepareTestInstance" finished-at="2024-07-24T01:17:05 EDT" depends-on-methods="org.springframework.test.context.testng.AbstractTestNGSpringContextTests.springTestContextBeforeTestClass" duration-ms="2" status="PASS">
          <reporter-output>
          </reporter-output>
        </test-method> <!-- springTestContextPrepareTestInstance -->
        <test-method signature="testMatchingCandidateNames()[pri:0, instance:com.farms4life2016.chapter03.TestWaifumonServices4@61d6015a]" started-at="2024-07-24T01:17:05 EDT" name="testMatchingCandidateNames" finished-at="2024-07-24T01:17:05 EDT" duration-ms="0" status="PASS">
          <reporter-output>
          </reporter-output>
        </test-method> <!-- testMatchingCandidateNames -->
        <test-method is-config="true" signature="springTestContextBeforeTestMethod(java.lang.reflect.Method)[pri:0, instance:com.farms4life2016.chapter03.TestWaifumonServices4@61d6015a]" started-at="2024-07-24T01:17:05 EDT" name="springTestContextBeforeTestMethod" finished-at="2024-07-24T01:17:05 EDT" duration-ms="0" status="PASS">
          <params>
            <param index="0">
              <value>
                <![CDATA[public void com.farms4life2016.chapter03.TestWaifumonServices4.testMatchingCandidateNames()]]>
              </value>
            </param>
          </params>
          <reporter-output>
          </reporter-output>
        </test-method> <!-- springTestContextBeforeTestMethod -->
        <test-method signature="testMatchingReasonExplainationsForCandidate()[pri:0, instance:com.farms4life2016.chapter03.TestWaifumonServices4@61d6015a]" started-at="2024-07-24T01:17:05 EDT" name="testMatchingReasonExplainationsForCandidate" finished-at="2024-07-24T01:17:05 EDT" duration-ms="1" status="PASS">
          <reporter-output>
          </reporter-output>
        </test-method> <!-- testMatchingReasonExplainationsForCandidate -->
        <test-method is-config="true" signature="springTestContextBeforeTestMethod(java.lang.reflect.Method)[pri:0, instance:com.farms4life2016.chapter03.TestWaifumonServices4@61d6015a]" started-at="2024-07-24T01:17:05 EDT" name="springTestContextBeforeTestMethod" finished-at="2024-07-24T01:17:05 EDT" duration-ms="0" status="PASS">
          <params>
            <param index="0">
              <value>
                <![CDATA[public void com.farms4life2016.chapter03.TestWaifumonServices4.testMatchingReasonExplainationsForCandidate()]]>
              </value>
            </param>
          </params>
          <reporter-output>
          </reporter-output>
        </test-method> <!-- springTestContextBeforeTestMethod -->
        <test-method is-config="true" signature="springTestContextAfterTestMethod(java.lang.reflect.Method)[pri:0, instance:com.farms4life2016.chapter03.TestWaifumonServices4@61d6015a]" started-at="2024-07-24T01:17:05 EDT" name="springTestContextAfterTestMethod" finished-at="2024-07-24T01:17:05 EDT" duration-ms="0" status="PASS">
          <params>
            <param index="0">
              <value>
                <![CDATA[public void com.farms4life2016.chapter03.TestWaifumonServices4.testMatchingCandidateNames()]]>
              </value>
            </param>
          </params>
          <reporter-output>
          </reporter-output>
        </test-method> <!-- springTestContextAfterTestMethod -->
        <test-method is-config="true" signature="springTestContextAfterTestMethod(java.lang.reflect.Method)[pri:0, instance:com.farms4life2016.chapter03.TestWaifumonServices4@61d6015a]" started-at="2024-07-24T01:17:05 EDT" name="springTestContextAfterTestMethod" finished-at="2024-07-24T01:17:05 EDT" duration-ms="1" status="PASS">
          <params>
            <param index="0">
              <value>
                <![CDATA[public void com.farms4life2016.chapter03.TestWaifumonServices4.testMatchingReasonExplainationsForCandidate()]]>
              </value>
            </param>
          </params>
          <reporter-output>
          </reporter-output>
        </test-method> <!-- springTestContextAfterTestMethod -->
        <test-method signature="testReasonVoting()[pri:0, instance:com.farms4life2016.chapter03.TestWaifumonServices4@61d6015a]" started-at="2024-07-24T01:17:05 EDT" name="testReasonVoting" finished-at="2024-07-24T01:17:05 EDT" duration-ms="0" status="PASS">
          <reporter-output>
          </reporter-output>
        </test-method> <!-- testReasonVoting -->
        <test-method is-config="true" signature="springTestContextAfterTestMethod(java.lang.reflect.Method)[pri:0, instance:com.farms4life2016.chapter03.TestWaifumonServices4@61d6015a]" started-at="2024-07-24T01:17:05 EDT" name="springTestContextAfterTestMethod" finished-at="2024-07-24T01:17:05 EDT" duration-ms="1" status="PASS">
          <params>
            <param index="0">
              <value>
                <![CDATA[public void com.farms4life2016.chapter03.TestWaifumonServices4.testReasonVoting()]]>
              </value>
            </param>
          </params>
          <reporter-output>
          </reporter-output>
        </test-method> <!-- springTestContextAfterTestMethod -->
        <test-method is-config="true" signature="springTestContextBeforeTestMethod(java.lang.reflect.Method)[pri:0, instance:com.farms4life2016.chapter03.TestWaifumonServices4@61d6015a]" started-at="2024-07-24T01:17:05 EDT" name="springTestContextBeforeTestMethod" finished-at="2024-07-24T01:17:05 EDT" duration-ms="0" status="PASS">
          <params>
            <param index="0">
              <value>
                <![CDATA[public void com.farms4life2016.chapter03.TestWaifumonServices4.testReasonVoting()]]>
              </value>
            </param>
          </params>
          <reporter-output>
          </reporter-output>
        </test-method> <!-- springTestContextBeforeTestMethod -->
        <test-method signature="testReasonsForCandidate()[pri:0, instance:com.farms4life2016.chapter03.TestWaifumonServices4@61d6015a]" started-at="2024-07-24T01:17:05 EDT" name="testReasonsForCandidate" finished-at="2024-07-24T01:17:05 EDT" duration-ms="0" status="PASS">
          <reporter-output>
          </reporter-output>
        </test-method> <!-- testReasonsForCandidate -->
        <test-method is-config="true" signature="springTestContextBeforeTestMethod(java.lang.reflect.Method)[pri:0, instance:com.farms4life2016.chapter03.TestWaifumonServices4@61d6015a]" started-at="2024-07-24T01:17:05 EDT" name="springTestContextBeforeTestMethod" finished-at="2024-07-24T01:17:05 EDT" duration-ms="0" status="PASS">
          <params>
            <param index="0">
              <value>
                <![CDATA[public void com.farms4life2016.chapter03.TestWaifumonServices4.testReasonsForCandidate()]]>
              </value>
            </param>
          </params>
          <reporter-output>
          </reporter-output>
        </test-method> <!-- springTestContextBeforeTestMethod -->
        <test-method is-config="true" signature="springTestContextAfterTestMethod(java.lang.reflect.Method)[pri:0, instance:com.farms4life2016.chapter03.TestWaifumonServices4@61d6015a]" started-at="2024-07-24T01:17:05 EDT" name="springTestContextAfterTestMethod" finished-at="2024-07-24T01:17:05 EDT" duration-ms="1" status="PASS">
          <params>
            <param index="0">
              <value>
                <![CDATA[public void com.farms4life2016.chapter03.TestWaifumonServices4.testReasonsForCandidate()]]>
              </value>
            </param>
          </params>
          <reporter-output>
          </reporter-output>
        </test-method> <!-- springTestContextAfterTestMethod -->
        <test-method is-config="true" signature="springTestContextAfterTestClass()[pri:0, instance:com.farms4life2016.chapter03.TestWaifumonServices4@61d6015a]" started-at="2024-07-24T01:17:05 EDT" name="springTestContextAfterTestClass" finished-at="2024-07-24T01:17:05 EDT" duration-ms="0" status="PASS">
          <reporter-output>
          </reporter-output>
        </test-method> <!-- springTestContextAfterTestClass -->
      </class> <!-- com.farms4life2016.chapter03.TestWaifumonServices4 -->
      <class name="com.farms4life2016.chapter03.TestWaifumonServicesAll">
        <test-method is-config="true" signature="springTestContextBeforeTestClass()[pri:0, instance:com.farms4life2016.chapter03.TestWaifumonServicesAll@152aa092]" started-at="2024-07-24T01:17:05 EDT" name="springTestContextBeforeTestClass" finished-at="2024-07-24T01:17:05 EDT" duration-ms="0" status="PASS">
          <reporter-output>
          </reporter-output>
        </test-method> <!-- springTestContextBeforeTestClass -->
        <test-method is-config="true" signature="springTestContextPrepareTestInstance()[pri:0, instance:com.farms4life2016.chapter03.TestWaifumonServicesAll@152aa092]" started-at="2024-07-24T01:17:05 EDT" name="springTestContextPrepareTestInstance" finished-at="2024-07-24T01:17:05 EDT" depends-on-methods="org.springframework.test.context.testng.AbstractTestNGSpringContextTests.springTestContextBeforeTestClass" duration-ms="163" status="PASS">
          <reporter-output>
          </reporter-output>
        </test-method> <!-- springTestContextPrepareTestInstance -->
        <test-method is-config="true" signature="springTestContextBeforeTestMethod(java.lang.reflect.Method)[pri:0, instance:com.farms4life2016.chapter03.TestWaifumonServicesAll@152aa092]" started-at="2024-07-24T01:17:05 EDT" name="springTestContextBeforeTestMethod" finished-at="2024-07-24T01:17:05 EDT" duration-ms="3" status="PASS">
          <params>
            <param index="0">
              <value>
                <![CDATA[public void com.farms4life2016.chapter03.TestWaifumonServicesAll.testMatchingCandidateNames(java.lang.Object)]]>
              </value>
            </param>
          </params>
          <reporter-output>
          </reporter-output>
        </test-method> <!-- springTestContextBeforeTestMethod -->
        <test-method signature="testMatchingCandidateNames(java.lang.Object)[pri:0, instance:com.farms4life2016.chapter03.TestWaifumonServicesAll@152aa092]" started-at="2024-07-24T01:17:05 EDT" name="testMatchingCandidateNames" data-provider="configurations" finished-at="2024-07-24T01:17:05 EDT" duration-ms="80" status="PASS">
          <params>
            <param index="0">
              <value>
                <![CDATA[/config-01.xml]]>
              </value>
            </param>
          </params>
          <reporter-output>
          </reporter-output>
        </test-method> <!-- testMatchingCandidateNames -->
        <test-method is-config="true" signature="springTestContextAfterTestMethod(java.lang.reflect.Method)[pri:0, instance:com.farms4life2016.chapter03.TestWaifumonServicesAll@152aa092]" started-at="2024-07-24T01:17:05 EDT" name="springTestContextAfterTestMethod" finished-at="2024-07-24T01:17:05 EDT" duration-ms="1" status="PASS">
          <params>
            <param index="0">
              <value>
                <![CDATA[public void com.farms4life2016.chapter03.TestWaifumonServicesAll.testMatchingCandidateNames(java.lang.Object)]]>
              </value>
            </param>
          </params>
          <reporter-output>
          </reporter-output>
        </test-method> <!-- springTestContextAfterTestMethod -->
        <test-method is-config="true" signature="springTestContextBeforeTestMethod(java.lang.reflect.Method)[pri:0, instance:com.farms4life2016.chapter03.TestWaifumonServicesAll@152aa092]" started-at="2024-07-24T01:17:05 EDT" name="springTestContextBeforeTestMethod" finished-at="2024-07-24T01:17:05 EDT" duration-ms="1" status="PASS">
          <params>
            <param index="0">
              <value>
                <![CDATA[public void com.farms4life2016.chapter03.TestWaifumonServicesAll.testMatchingCandidateNames(java.lang.Object)]]>
              </value>
            </param>
          </params>
          <reporter-output>
          </reporter-output>
        </test-method> <!-- springTestContextBeforeTestMethod -->
        <test-method signature="testMatchingCandidateNames(java.lang.Object)[pri:0, instance:com.farms4life2016.chapter03.TestWaifumonServicesAll@152aa092]" started-at="2024-07-24T01:17:05 EDT" name="testMatchingCandidateNames" data-provider="configurations" finished-at="2024-07-24T01:17:05 EDT" duration-ms="82" status="PASS">
          <params>
            <param index="0">
              <value>
                <![CDATA[/config-02.xml]]>
              </value>
            </param>
          </params>
          <reporter-output>
          </reporter-output>
        </test-method> <!-- testMatchingCandidateNames -->
        <test-method is-config="true" signature="springTestContextAfterTestMethod(java.lang.reflect.Method)[pri:0, instance:com.farms4life2016.chapter03.TestWaifumonServicesAll@152aa092]" started-at="2024-07-24T01:17:05 EDT" name="springTestContextAfterTestMethod" finished-at="2024-07-24T01:17:05 EDT" duration-ms="2" status="PASS">
          <params>
            <param index="0">
              <value>
                <![CDATA[public void com.farms4life2016.chapter03.TestWaifumonServicesAll.testMatchingCandidateNames(java.lang.Object)]]>
              </value>
            </param>
          </params>
          <reporter-output>
          </reporter-output>
        </test-method> <!-- springTestContextAfterTestMethod -->
        <test-method is-config="true" signature="springTestContextBeforeTestMethod(java.lang.reflect.Method)[pri:0, instance:com.farms4life2016.chapter03.TestWaifumonServicesAll@152aa092]" started-at="2024-07-24T01:17:05 EDT" name="springTestContextBeforeTestMethod" finished-at="2024-07-24T01:17:05 EDT" duration-ms="1" status="PASS">
          <params>
            <param index="0">
              <value>
                <![CDATA[public void com.farms4life2016.chapter03.TestWaifumonServicesAll.testMatchingCandidateNames(java.lang.Object)]]>
              </value>
            </param>
          </params>
          <reporter-output>
          </reporter-output>
        </test-method> <!-- springTestContextBeforeTestMethod -->
        <test-method signature="testMatchingCandidateNames(java.lang.Object)[pri:0, instance:com.farms4life2016.chapter03.TestWaifumonServicesAll@152aa092]" started-at="2024-07-24T01:17:05 EDT" name="testMatchingCandidateNames" data-provider="configurations" finished-at="2024-07-24T01:17:05 EDT" duration-ms="49" status="PASS">
          <params>
            <param index="0">
              <value>
                <![CDATA[/config-03.xml]]>
              </value>
            </param>
          </params>
          <reporter-output>
          </reporter-output>
        </test-method> <!-- testMatchingCandidateNames -->
        <test-method is-config="true" signature="springTestContextAfterTestMethod(java.lang.reflect.Method)[pri:0, instance:com.farms4life2016.chapter03.TestWaifumonServicesAll@152aa092]" started-at="2024-07-24T01:17:05 EDT" name="springTestContextAfterTestMethod" finished-at="2024-07-24T01:17:05 EDT" duration-ms="1" status="PASS">
          <params>
            <param index="0">
              <value>
                <![CDATA[public void com.farms4life2016.chapter03.TestWaifumonServicesAll.testMatchingCandidateNames(java.lang.Object)]]>
              </value>
            </param>
          </params>
          <reporter-output>
          </reporter-output>
        </test-method> <!-- springTestContextAfterTestMethod -->
        <test-method signature="testMatchingCandidateNames(java.lang.Object)[pri:0, instance:com.farms4life2016.chapter03.TestWaifumonServicesAll@152aa092]" started-at="2024-07-24T01:17:05 EDT" name="testMatchingCandidateNames" data-provider="configurations" finished-at="2024-07-24T01:17:06 EDT" duration-ms="81" status="PASS">
          <params>
            <param index="0">
              <value>
                <![CDATA[/config-04.xml]]>
              </value>
            </param>
          </params>
          <reporter-output>
          </reporter-output>
        </test-method> <!-- testMatchingCandidateNames -->
        <test-method is-config="true" signature="springTestContextBeforeTestMethod(java.lang.reflect.Method)[pri:0, instance:com.farms4life2016.chapter03.TestWaifumonServicesAll@152aa092]" started-at="2024-07-24T01:17:05 EDT" name="springTestContextBeforeTestMethod" finished-at="2024-07-24T01:17:05 EDT" duration-ms="0" status="PASS">
          <params>
            <param index="0">
              <value>
                <![CDATA[public void com.farms4life2016.chapter03.TestWaifumonServicesAll.testMatchingCandidateNames(java.lang.Object)]]>
              </value>
            </param>
          </params>
          <reporter-output>
          </reporter-output>
        </test-method> <!-- springTestContextBeforeTestMethod -->
        <test-method is-config="true" signature="springTestContextAfterTestMethod(java.lang.reflect.Method)[pri:0, instance:com.farms4life2016.chapter03.TestWaifumonServicesAll@152aa092]" started-at="2024-07-24T01:17:06 EDT" name="springTestContextAfterTestMethod" finished-at="2024-07-24T01:17:06 EDT" duration-ms="2" status="PASS">
          <params>
            <param index="0">
              <value>
                <![CDATA[public void com.farms4life2016.chapter03.TestWaifumonServicesAll.testMatchingCandidateNames(java.lang.Object)]]>
              </value>
            </param>
          </params>
          <reporter-output>
          </reporter-output>
        </test-method> <!-- springTestContextAfterTestMethod -->
        <test-method signature="testMatchingCandidateNames(java.lang.Object)[pri:0, instance:com.farms4life2016.chapter03.TestWaifumonServicesAll@152aa092]" started-at="2024-07-24T01:17:06 EDT" name="testMatchingCandidateNames" data-provider="configurations" finished-at="2024-07-24T01:17:06 EDT" duration-ms="68" status="PASS">
          <params>
            <param index="0">
              <value>
                <![CDATA[/config-05.xml]]>
              </value>
            </param>
          </params>
          <reporter-output>
          </reporter-output>
        </test-method> <!-- testMatchingCandidateNames -->
        <test-method is-config="true" signature="springTestContextBeforeTestMethod(java.lang.reflect.Method)[pri:0, instance:com.farms4life2016.chapter03.TestWaifumonServicesAll@152aa092]" started-at="2024-07-24T01:17:06 EDT" name="springTestContextBeforeTestMethod" finished-at="2024-07-24T01:17:06 EDT" duration-ms="0" status="PASS">
          <params>
            <param index="0">
              <value>
                <![CDATA[public void com.farms4life2016.chapter03.TestWaifumonServicesAll.testMatchingCandidateNames(java.lang.Object)]]>
              </value>
            </param>
          </params>
          <reporter-output>
          </reporter-output>
        </test-method> <!-- springTestContextBeforeTestMethod -->
        <test-method is-config="true" signature="springTestContextAfterTestMethod(java.lang.reflect.Method)[pri:0, instance:com.farms4life2016.chapter03.TestWaifumonServicesAll@152aa092]" started-at="2024-07-24T01:17:06 EDT" name="springTestContextAfterTestMethod" finished-at="2024-07-24T01:17:06 EDT" duration-ms="1" status="PASS">
          <params>
            <param index="0">
              <value>
                <![CDATA[public void com.farms4life2016.chapter03.TestWaifumonServicesAll.testMatchingCandidateNames(java.lang.Object)]]>
              </value>
            </param>
          </params>
          <reporter-output>
          </reporter-output>
        </test-method> <!-- springTestContextAfterTestMethod -->
        <test-method signature="testMatchingCandidateNames(java.lang.Object)[pri:0, instance:com.farms4life2016.chapter03.TestWaifumonServicesAll@152aa092]" started-at="2024-07-24T01:17:06 EDT" name="testMatchingCandidateNames" data-provider="configurations" finished-at="2024-07-24T01:17:06 EDT" duration-ms="22" status="PASS">
          <params>
            <param index="0">
              <value>
                <![CDATA[/config-06.xml]]>
              </value>
            </param>
          </params>
          <reporter-output>
          </reporter-output>
        </test-method> <!-- testMatchingCandidateNames -->
        <test-method is-config="true" signature="springTestContextBeforeTestMethod(java.lang.reflect.Method)[pri:0, instance:com.farms4life2016.chapter03.TestWaifumonServicesAll@152aa092]" started-at="2024-07-24T01:17:06 EDT" name="springTestContextBeforeTestMethod" finished-at="2024-07-24T01:17:06 EDT" duration-ms="0" status="PASS">
          <params>
            <param index="0">
              <value>
                <![CDATA[public void com.farms4life2016.chapter03.TestWaifumonServicesAll.testMatchingCandidateNames(java.lang.Object)]]>
              </value>
            </param>
          </params>
          <reporter-output>
          </reporter-output>
        </test-method> <!-- springTestContextBeforeTestMethod -->
        <test-method is-config="true" signature="springTestContextAfterTestMethod(java.lang.reflect.Method)[pri:0, instance:com.farms4life2016.chapter03.TestWaifumonServicesAll@152aa092]" started-at="2024-07-24T01:17:06 EDT" name="springTestContextAfterTestMethod" finished-at="2024-07-24T01:17:06 EDT" duration-ms="2" status="PASS">
          <params>
            <param index="0">
              <value>
                <![CDATA[public void com.farms4life2016.chapter03.TestWaifumonServicesAll.testMatchingCandidateNames(java.lang.Object)]]>
              </value>
            </param>
          </params>
          <reporter-output>
          </reporter-output>
        </test-method> <!-- springTestContextAfterTestMethod -->
        <test-method is-config="true" signature="springTestContextBeforeTestMethod(java.lang.reflect.Method)[pri:0, instance:com.farms4life2016.chapter03.TestWaifumonServicesAll@152aa092]" started-at="2024-07-24T01:17:06 EDT" name="springTestContextBeforeTestMethod" finished-at="2024-07-24T01:17:06 EDT" duration-ms="3" status="PASS">
          <params>
            <param index="0">
              <value>
                <![CDATA[public void com.farms4life2016.chapter03.TestWaifumonServicesAll.testMatchingCandidateNames(java.lang.Object)]]>
              </value>
            </param>
          </params>
          <reporter-output>
          </reporter-output>
        </test-method> <!-- springTestContextBeforeTestMethod -->
        <test-method signature="testMatchingCandidateNames(java.lang.Object)[pri:0, instance:com.farms4life2016.chapter03.TestWaifumonServicesAll@152aa092]" started-at="2024-07-24T01:17:06 EDT" name="testMatchingCandidateNames" data-provider="configurations" finished-at="2024-07-24T01:17:06 EDT" duration-ms="69" status="PASS">
          <params>
            <param index="0">
              <value>
                <![CDATA[class com.farms4life2016.chapter03.Configuration7]]>
              </value>
            </param>
          </params>
          <reporter-output>
          </reporter-output>
        </test-method> <!-- testMatchingCandidateNames -->
        <test-method is-config="true" signature="springTestContextAfterTestMethod(java.lang.reflect.Method)[pri:0, instance:com.farms4life2016.chapter03.TestWaifumonServicesAll@152aa092]" started-at="2024-07-24T01:17:06 EDT" name="springTestContextAfterTestMethod" finished-at="2024-07-24T01:17:06 EDT" duration-ms="1" status="PASS">
          <params>
            <param index="0">
              <value>
                <![CDATA[public void com.farms4life2016.chapter03.TestWaifumonServicesAll.testMatchingCandidateNames(java.lang.Object)]]>
              </value>
            </param>
          </params>
          <reporter-output>
          </reporter-output>
        </test-method> <!-- springTestContextAfterTestMethod -->
        <test-method is-config="true" signature="springTestContextBeforeTestMethod(java.lang.reflect.Method)[pri:0, instance:com.farms4life2016.chapter03.TestWaifumonServicesAll@152aa092]" started-at="2024-07-24T01:17:06 EDT" name="springTestContextBeforeTestMethod" finished-at="2024-07-24T01:17:06 EDT" duration-ms="1" status="PASS">
          <params>
            <param index="0">
              <value>
                <![CDATA[public void com.farms4life2016.chapter03.TestWaifumonServicesAll.testMatchingCandidateNames(java.lang.Object)]]>
              </value>
            </param>
          </params>
          <reporter-output>
          </reporter-output>
        </test-method> <!-- springTestContextBeforeTestMethod -->
        <test-method signature="testMatchingCandidateNames(java.lang.Object)[pri:0, instance:com.farms4life2016.chapter03.TestWaifumonServicesAll@152aa092]" started-at="2024-07-24T01:17:06 EDT" name="testMatchingCandidateNames" data-provider="configurations" finished-at="2024-07-24T01:17:06 EDT" duration-ms="27" status="PASS">
          <params>
            <param index="0">
              <value>
                <![CDATA[class com.farms4life2016.chapter03.Configuration8]]>
              </value>
            </param>
          </params>
          <reporter-output>
          </reporter-output>
        </test-method> <!-- testMatchingCandidateNames -->
        <test-method is-config="true" signature="springTestContextAfterTestMethod(java.lang.reflect.Method)[pri:0, instance:com.farms4life2016.chapter03.TestWaifumonServicesAll@152aa092]" started-at="2024-07-24T01:17:06 EDT" name="springTestContextAfterTestMethod" finished-at="2024-07-24T01:17:06 EDT" duration-ms="1" status="PASS">
          <params>
            <param index="0">
              <value>
                <![CDATA[public void com.farms4life2016.chapter03.TestWaifumonServicesAll.testMatchingCandidateNames(java.lang.Object)]]>
              </value>
            </param>
          </params>
          <reporter-output>
          </reporter-output>
        </test-method> <!-- springTestContextAfterTestMethod -->
        <test-method is-config="true" signature="springTestContextBeforeTestMethod(java.lang.reflect.Method)[pri:0, instance:com.farms4life2016.chapter03.TestWaifumonServicesAll@152aa092]" started-at="2024-07-24T01:17:06 EDT" name="springTestContextBeforeTestMethod" finished-at="2024-07-24T01:17:06 EDT" duration-ms="0" status="PASS">
          <params>
            <param index="0">
              <value>
                <![CDATA[public void com.farms4life2016.chapter03.TestWaifumonServicesAll.testMatchingCandidateNames(java.lang.Object)]]>
              </value>
            </param>
          </params>
          <reporter-output>
          </reporter-output>
        </test-method> <!-- springTestContextBeforeTestMethod -->
        <test-method signature="testMatchingCandidateNames(java.lang.Object)[pri:0, instance:com.farms4life2016.chapter03.TestWaifumonServicesAll@152aa092]" started-at="2024-07-24T01:17:06 EDT" name="testMatchingCandidateNames" data-provider="configurations" finished-at="2024-07-24T01:17:06 EDT" duration-ms="22" status="PASS">
          <params>
            <param index="0">
              <value>
                <![CDATA[class com.farms4life2016.chapter03.Configuration9]]>
              </value>
            </param>
          </params>
          <reporter-output>
          </reporter-output>
        </test-method> <!-- testMatchingCandidateNames -->
        <test-method is-config="true" signature="springTestContextAfterTestMethod(java.lang.reflect.Method)[pri:0, instance:com.farms4life2016.chapter03.TestWaifumonServicesAll@152aa092]" started-at="2024-07-24T01:17:06 EDT" name="springTestContextAfterTestMethod" finished-at="2024-07-24T01:17:06 EDT" duration-ms="1" status="PASS">
          <params>
            <param index="0">
              <value>
                <![CDATA[public void com.farms4life2016.chapter03.TestWaifumonServicesAll.testMatchingCandidateNames(java.lang.Object)]]>
              </value>
            </param>
          </params>
          <reporter-output>
          </reporter-output>
        </test-method> <!-- springTestContextAfterTestMethod -->
        <test-method signature="testMatchingCandidateNames(java.lang.Object)[pri:0, instance:com.farms4life2016.chapter03.TestWaifumonServicesAll@152aa092]" started-at="2024-07-24T01:17:06 EDT" name="testMatchingCandidateNames" data-provider="configurations" finished-at="2024-07-24T01:17:06 EDT" duration-ms="24" status="PASS">
          <params>
            <param index="0">
              <value>
                <![CDATA[class com.farms4life2016.chapter03.Configuration10]]>
              </value>
            </param>
          </params>
          <reporter-output>
          </reporter-output>
        </test-method> <!-- testMatchingCandidateNames -->
        <test-method is-config="true" signature="springTestContextBeforeTestMethod(java.lang.reflect.Method)[pri:0, instance:com.farms4life2016.chapter03.TestWaifumonServicesAll@152aa092]" started-at="2024-07-24T01:17:06 EDT" name="springTestContextBeforeTestMethod" finished-at="2024-07-24T01:17:06 EDT" duration-ms="0" status="PASS">
          <params>
            <param index="0">
              <value>
                <![CDATA[public void com.farms4life2016.chapter03.TestWaifumonServicesAll.testMatchingCandidateNames(java.lang.Object)]]>
              </value>
            </param>
          </params>
          <reporter-output>
          </reporter-output>
        </test-method> <!-- springTestContextBeforeTestMethod -->
        <test-method is-config="true" signature="springTestContextAfterTestMethod(java.lang.reflect.Method)[pri:0, instance:com.farms4life2016.chapter03.TestWaifumonServicesAll@152aa092]" started-at="2024-07-24T01:17:06 EDT" name="springTestContextAfterTestMethod" finished-at="2024-07-24T01:17:06 EDT" duration-ms="2" status="PASS">
          <params>
            <param index="0">
              <value>
                <![CDATA[public void com.farms4life2016.chapter03.TestWaifumonServicesAll.testMatchingCandidateNames(java.lang.Object)]]>
              </value>
            </param>
          </params>
          <reporter-output>
          </reporter-output>
        </test-method> <!-- springTestContextAfterTestMethod -->
        <test-method signature="testMatchingReasonExplainationsForCandidate(java.lang.Object)[pri:0, instance:com.farms4life2016.chapter03.TestWaifumonServicesAll@152aa092]" started-at="2024-07-24T01:17:06 EDT" name="testMatchingReasonExplainationsForCandidate" data-provider="configurations" finished-at="2024-07-24T01:17:06 EDT" duration-ms="26" status="PASS">
          <params>
            <param index="0">
              <value>
                <![CDATA[/config-01.xml]]>
              </value>
            </param>
          </params>
          <reporter-output>
          </reporter-output>
        </test-method> <!-- testMatchingReasonExplainationsForCandidate -->
        <test-method is-config="true" signature="springTestContextBeforeTestMethod(java.lang.reflect.Method)[pri:0, instance:com.farms4life2016.chapter03.TestWaifumonServicesAll@152aa092]" started-at="2024-07-24T01:17:06 EDT" name="springTestContextBeforeTestMethod" finished-at="2024-07-24T01:17:06 EDT" duration-ms="0" status="PASS">
          <params>
            <param index="0">
              <value>
                <![CDATA[public void com.farms4life2016.chapter03.TestWaifumonServicesAll.testMatchingReasonExplainationsForCandidate(java.lang.Object)]]>
              </value>
            </param>
          </params>
          <reporter-output>
          </reporter-output>
        </test-method> <!-- springTestContextBeforeTestMethod -->
        <test-method is-config="true" signature="springTestContextAfterTestMethod(java.lang.reflect.Method)[pri:0, instance:com.farms4life2016.chapter03.TestWaifumonServicesAll@152aa092]" started-at="2024-07-24T01:17:06 EDT" name="springTestContextAfterTestMethod" finished-at="2024-07-24T01:17:06 EDT" duration-ms="2" status="PASS">
          <params>
            <param index="0">
              <value>
                <![CDATA[public void com.farms4life2016.chapter03.TestWaifumonServicesAll.testMatchingReasonExplainationsForCandidate(java.lang.Object)]]>
              </value>
            </param>
          </params>
          <reporter-output>
          </reporter-output>
        </test-method> <!-- springTestContextAfterTestMethod -->
        <test-method is-config="true" signature="springTestContextBeforeTestMethod(java.lang.reflect.Method)[pri:0, instance:com.farms4life2016.chapter03.TestWaifumonServicesAll@152aa092]" started-at="2024-07-24T01:17:06 EDT" name="springTestContextBeforeTestMethod" finished-at="2024-07-24T01:17:06 EDT" duration-ms="1" status="PASS">
          <params>
            <param index="0">
              <value>
                <![CDATA[public void com.farms4life2016.chapter03.TestWaifumonServicesAll.testMatchingReasonExplainationsForCandidate(java.lang.Object)]]>
              </value>
            </param>
          </params>
          <reporter-output>
          </reporter-output>
        </test-method> <!-- springTestContextBeforeTestMethod -->
        <test-method signature="testMatchingReasonExplainationsForCandidate(java.lang.Object)[pri:0, instance:com.farms4life2016.chapter03.TestWaifumonServicesAll@152aa092]" started-at="2024-07-24T01:17:06 EDT" name="testMatchingReasonExplainationsForCandidate" data-provider="configurations" finished-at="2024-07-24T01:17:06 EDT" duration-ms="27" status="PASS">
          <params>
            <param index="0">
              <value>
                <![CDATA[/config-02.xml]]>
              </value>
            </param>
          </params>
          <reporter-output>
          </reporter-output>
        </test-method> <!-- testMatchingReasonExplainationsForCandidate -->
        <test-method is-config="true" signature="springTestContextAfterTestMethod(java.lang.reflect.Method)[pri:0, instance:com.farms4life2016.chapter03.TestWaifumonServicesAll@152aa092]" started-at="2024-07-24T01:17:06 EDT" name="springTestContextAfterTestMethod" finished-at="2024-07-24T01:17:06 EDT" duration-ms="2" status="PASS">
          <params>
            <param index="0">
              <value>
                <![CDATA[public void com.farms4life2016.chapter03.TestWaifumonServicesAll.testMatchingReasonExplainationsForCandidate(java.lang.Object)]]>
              </value>
            </param>
          </params>
          <reporter-output>
          </reporter-output>
        </test-method> <!-- springTestContextAfterTestMethod -->
        <test-method is-config="true" signature="springTestContextBeforeTestMethod(java.lang.reflect.Method)[pri:0, instance:com.farms4life2016.chapter03.TestWaifumonServicesAll@152aa092]" started-at="2024-07-24T01:17:06 EDT" name="springTestContextBeforeTestMethod" finished-at="2024-07-24T01:17:06 EDT" duration-ms="1" status="PASS">
          <params>
            <param index="0">
              <value>
                <![CDATA[public void com.farms4life2016.chapter03.TestWaifumonServicesAll.testMatchingReasonExplainationsForCandidate(java.lang.Object)]]>
              </value>
            </param>
          </params>
          <reporter-output>
          </reporter-output>
        </test-method> <!-- springTestContextBeforeTestMethod -->
        <test-method signature="testMatchingReasonExplainationsForCandidate(java.lang.Object)[pri:0, instance:com.farms4life2016.chapter03.TestWaifumonServicesAll@152aa092]" started-at="2024-07-24T01:17:06 EDT" name="testMatchingReasonExplainationsForCandidate" data-provider="configurations" finished-at="2024-07-24T01:17:06 EDT" duration-ms="39" status="PASS">
          <params>
            <param index="0">
              <value>
                <![CDATA[/config-03.xml]]>
              </value>
            </param>
          </params>
          <reporter-output>
          </reporter-output>
        </test-method> <!-- testMatchingReasonExplainationsForCandidate -->
        <test-method is-config="true" signature="springTestContextAfterTestMethod(java.lang.reflect.Method)[pri:0, instance:com.farms4life2016.chapter03.TestWaifumonServicesAll@152aa092]" started-at="2024-07-24T01:17:06 EDT" name="springTestContextAfterTestMethod" finished-at="2024-07-24T01:17:06 EDT" duration-ms="2" status="PASS">
          <params>
            <param index="0">
              <value>
                <![CDATA[public void com.farms4life2016.chapter03.TestWaifumonServicesAll.testMatchingReasonExplainationsForCandidate(java.lang.Object)]]>
              </value>
            </param>
          </params>
          <reporter-output>
          </reporter-output>
        </test-method> <!-- springTestContextAfterTestMethod -->
        <test-method signature="testMatchingReasonExplainationsForCandidate(java.lang.Object)[pri:0, instance:com.farms4life2016.chapter03.TestWaifumonServicesAll@152aa092]" started-at="2024-07-24T01:17:06 EDT" name="testMatchingReasonExplainationsForCandidate" data-provider="configurations" finished-at="2024-07-24T01:17:06 EDT" duration-ms="54" status="PASS">
          <params>
            <param index="0">
              <value>
                <![CDATA[/config-04.xml]]>
              </value>
            </param>
          </params>
          <reporter-output>
          </reporter-output>
        </test-method> <!-- testMatchingReasonExplainationsForCandidate -->
        <test-method is-config="true" signature="springTestContextBeforeTestMethod(java.lang.reflect.Method)[pri:0, instance:com.farms4life2016.chapter03.TestWaifumonServicesAll@152aa092]" started-at="2024-07-24T01:17:06 EDT" name="springTestContextBeforeTestMethod" finished-at="2024-07-24T01:17:06 EDT" duration-ms="0" status="PASS">
          <params>
            <param index="0">
              <value>
                <![CDATA[public void com.farms4life2016.chapter03.TestWaifumonServicesAll.testMatchingReasonExplainationsForCandidate(java.lang.Object)]]>
              </value>
            </param>
          </params>
          <reporter-output>
          </reporter-output>
        </test-method> <!-- springTestContextBeforeTestMethod -->
        <test-method is-config="true" signature="springTestContextAfterTestMethod(java.lang.reflect.Method)[pri:0, instance:com.farms4life2016.chapter03.TestWaifumonServicesAll@152aa092]" started-at="2024-07-24T01:17:06 EDT" name="springTestContextAfterTestMethod" finished-at="2024-07-24T01:17:06 EDT" duration-ms="2" status="PASS">
          <params>
            <param index="0">
              <value>
                <![CDATA[public void com.farms4life2016.chapter03.TestWaifumonServicesAll.testMatchingReasonExplainationsForCandidate(java.lang.Object)]]>
              </value>
            </param>
          </params>
          <reporter-output>
          </reporter-output>
        </test-method> <!-- springTestContextAfterTestMethod -->
        <test-method signature="testMatchingReasonExplainationsForCandidate(java.lang.Object)[pri:0, instance:com.farms4life2016.chapter03.TestWaifumonServicesAll@152aa092]" started-at="2024-07-24T01:17:06 EDT" name="testMatchingReasonExplainationsForCandidate" data-provider="configurations" finished-at="2024-07-24T01:17:06 EDT" duration-ms="25" status="PASS">
          <params>
            <param index="0">
              <value>
                <![CDATA[/config-05.xml]]>
              </value>
            </param>
          </params>
          <reporter-output>
          </reporter-output>
        </test-method> <!-- testMatchingReasonExplainationsForCandidate -->
        <test-method is-config="true" signature="springTestContextBeforeTestMethod(java.lang.reflect.Method)[pri:0, instance:com.farms4life2016.chapter03.TestWaifumonServicesAll@152aa092]" started-at="2024-07-24T01:17:06 EDT" name="springTestContextBeforeTestMethod" finished-at="2024-07-24T01:17:06 EDT" duration-ms="0" status="PASS">
          <params>
            <param index="0">
              <value>
                <![CDATA[public void com.farms4life2016.chapter03.TestWaifumonServicesAll.testMatchingReasonExplainationsForCandidate(java.lang.Object)]]>
              </value>
            </param>
          </params>
          <reporter-output>
          </reporter-output>
        </test-method> <!-- springTestContextBeforeTestMethod -->
        <test-method is-config="true" signature="springTestContextAfterTestMethod(java.lang.reflect.Method)[pri:0, instance:com.farms4life2016.chapter03.TestWaifumonServicesAll@152aa092]" started-at="2024-07-24T01:17:06 EDT" name="springTestContextAfterTestMethod" finished-at="2024-07-24T01:17:06 EDT" duration-ms="2" status="PASS">
          <params>
            <param index="0">
              <value>
                <![CDATA[public void com.farms4life2016.chapter03.TestWaifumonServicesAll.testMatchingReasonExplainationsForCandidate(java.lang.Object)]]>
              </value>
            </param>
          </params>
          <reporter-output>
          </reporter-output>
        </test-method> <!-- springTestContextAfterTestMethod -->
        <test-method is-config="true" signature="springTestContextBeforeTestMethod(java.lang.reflect.Method)[pri:0, instance:com.farms4life2016.chapter03.TestWaifumonServicesAll@152aa092]" started-at="2024-07-24T01:17:06 EDT" name="springTestContextBeforeTestMethod" finished-at="2024-07-24T01:17:06 EDT" duration-ms="1" status="PASS">
          <params>
            <param index="0">
              <value>
                <![CDATA[public void com.farms4life2016.chapter03.TestWaifumonServicesAll.testMatchingReasonExplainationsForCandidate(java.lang.Object)]]>
              </value>
            </param>
          </params>
          <reporter-output>
          </reporter-output>
        </test-method> <!-- springTestContextBeforeTestMethod -->
        <test-method signature="testMatchingReasonExplainationsForCandidate(java.lang.Object)[pri:0, instance:com.farms4life2016.chapter03.TestWaifumonServicesAll@152aa092]" started-at="2024-07-24T01:17:06 EDT" name="testMatchingReasonExplainationsForCandidate" data-provider="configurations" finished-at="2024-07-24T01:17:06 EDT" duration-ms="23" status="PASS">
          <params>
            <param index="0">
              <value>
                <![CDATA[/config-06.xml]]>
              </value>
            </param>
          </params>
          <reporter-output>
          </reporter-output>
        </test-method> <!-- testMatchingReasonExplainationsForCandidate -->
        <test-method is-config="true" signature="springTestContextAfterTestMethod(java.lang.reflect.Method)[pri:0, instance:com.farms4life2016.chapter03.TestWaifumonServicesAll@152aa092]" started-at="2024-07-24T01:17:06 EDT" name="springTestContextAfterTestMethod" finished-at="2024-07-24T01:17:06 EDT" duration-ms="1" status="PASS">
          <params>
            <param index="0">
              <value>
                <![CDATA[public void com.farms4life2016.chapter03.TestWaifumonServicesAll.testMatchingReasonExplainationsForCandidate(java.lang.Object)]]>
              </value>
            </param>
          </params>
          <reporter-output>
          </reporter-output>
        </test-method> <!-- springTestContextAfterTestMethod -->
        <test-method signature="testMatchingReasonExplainationsForCandidate(java.lang.Object)[pri:0, instance:com.farms4life2016.chapter03.TestWaifumonServicesAll@152aa092]" started-at="2024-07-24T01:17:06 EDT" name="testMatchingReasonExplainationsForCandidate" data-provider="configurations" finished-at="2024-07-24T01:17:06 EDT" duration-ms="9" status="PASS">
          <params>
            <param index="0">
              <value>
                <![CDATA[class com.farms4life2016.chapter03.Configuration7]]>
              </value>
            </param>
          </params>
          <reporter-output>
          </reporter-output>
        </test-method> <!-- testMatchingReasonExplainationsForCandidate -->
        <test-method is-config="true" signature="springTestContextBeforeTestMethod(java.lang.reflect.Method)[pri:0, instance:com.farms4life2016.chapter03.TestWaifumonServicesAll@152aa092]" started-at="2024-07-24T01:17:06 EDT" name="springTestContextBeforeTestMethod" finished-at="2024-07-24T01:17:06 EDT" duration-ms="0" status="PASS">
          <params>
            <param index="0">
              <value>
                <![CDATA[public void com.farms4life2016.chapter03.TestWaifumonServicesAll.testMatchingReasonExplainationsForCandidate(java.lang.Object)]]>
              </value>
            </param>
          </params>
          <reporter-output>
          </reporter-output>
        </test-method> <!-- springTestContextBeforeTestMethod -->
        <test-method is-config="true" signature="springTestContextAfterTestMethod(java.lang.reflect.Method)[pri:0, instance:com.farms4life2016.chapter03.TestWaifumonServicesAll@152aa092]" started-at="2024-07-24T01:17:06 EDT" name="springTestContextAfterTestMethod" finished-at="2024-07-24T01:17:06 EDT" duration-ms="1" status="PASS">
          <params>
            <param index="0">
              <value>
                <![CDATA[public void com.farms4life2016.chapter03.TestWaifumonServicesAll.testMatchingReasonExplainationsForCandidate(java.lang.Object)]]>
              </value>
            </param>
          </params>
          <reporter-output>
          </reporter-output>
        </test-method> <!-- springTestContextAfterTestMethod -->
        <test-method is-config="true" signature="springTestContextBeforeTestMethod(java.lang.reflect.Method)[pri:0, instance:com.farms4life2016.chapter03.TestWaifumonServicesAll@152aa092]" started-at="2024-07-24T01:17:06 EDT" name="springTestContextBeforeTestMethod" finished-at="2024-07-24T01:17:06 EDT" duration-ms="1" status="PASS">
          <params>
            <param index="0">
              <value>
                <![CDATA[public void com.farms4life2016.chapter03.TestWaifumonServicesAll.testMatchingReasonExplainationsForCandidate(java.lang.Object)]]>
              </value>
            </param>
          </params>
          <reporter-output>
          </reporter-output>
        </test-method> <!-- springTestContextBeforeTestMethod -->
        <test-method signature="testMatchingReasonExplainationsForCandidate(java.lang.Object)[pri:0, instance:com.farms4life2016.chapter03.TestWaifumonServicesAll@152aa092]" started-at="2024-07-24T01:17:06 EDT" name="testMatchingReasonExplainationsForCandidate" data-provider="configurations" finished-at="2024-07-24T01:17:06 EDT" duration-ms="8" status="PASS">
          <params>
            <param index="0">
              <value>
                <![CDATA[class com.farms4life2016.chapter03.Configuration8]]>
              </value>
            </param>
          </params>
          <reporter-output>
          </reporter-output>
        </test-method> <!-- testMatchingReasonExplainationsForCandidate -->
        <test-method is-config="true" signature="springTestContextAfterTestMethod(java.lang.reflect.Method)[pri:0, instance:com.farms4life2016.chapter03.TestWaifumonServicesAll@152aa092]" started-at="2024-07-24T01:17:06 EDT" name="springTestContextAfterTestMethod" finished-at="2024-07-24T01:17:06 EDT" duration-ms="1" status="PASS">
          <params>
            <param index="0">
              <value>
                <![CDATA[public void com.farms4life2016.chapter03.TestWaifumonServicesAll.testMatchingReasonExplainationsForCandidate(java.lang.Object)]]>
              </value>
            </param>
          </params>
          <reporter-output>
          </reporter-output>
        </test-method> <!-- springTestContextAfterTestMethod -->
        <test-method signature="testMatchingReasonExplainationsForCandidate(java.lang.Object)[pri:0, instance:com.farms4life2016.chapter03.TestWaifumonServicesAll@152aa092]" started-at="2024-07-24T01:17:06 EDT" name="testMatchingReasonExplainationsForCandidate" data-provider="configurations" finished-at="2024-07-24T01:17:06 EDT" duration-ms="9" status="PASS">
          <params>
            <param index="0">
              <value>
                <![CDATA[class com.farms4life2016.chapter03.Configuration9]]>
              </value>
            </param>
          </params>
          <reporter-output>
          </reporter-output>
        </test-method> <!-- testMatchingReasonExplainationsForCandidate -->
        <test-method is-config="true" signature="springTestContextBeforeTestMethod(java.lang.reflect.Method)[pri:0, instance:com.farms4life2016.chapter03.TestWaifumonServicesAll@152aa092]" started-at="2024-07-24T01:17:06 EDT" name="springTestContextBeforeTestMethod" finished-at="2024-07-24T01:17:06 EDT" duration-ms="0" status="PASS">
          <params>
            <param index="0">
              <value>
                <![CDATA[public void com.farms4life2016.chapter03.TestWaifumonServicesAll.testMatchingReasonExplainationsForCandidate(java.lang.Object)]]>
              </value>
            </param>
          </params>
          <reporter-output>
          </reporter-output>
        </test-method> <!-- springTestContextBeforeTestMethod -->
        <test-method is-config="true" signature="springTestContextAfterTestMethod(java.lang.reflect.Method)[pri:0, instance:com.farms4life2016.chapter03.TestWaifumonServicesAll@152aa092]" started-at="2024-07-24T01:17:06 EDT" name="springTestContextAfterTestMethod" finished-at="2024-07-24T01:17:06 EDT" duration-ms="1" status="PASS">
          <params>
            <param index="0">
              <value>
                <![CDATA[public void com.farms4life2016.chapter03.TestWaifumonServicesAll.testMatchingReasonExplainationsForCandidate(java.lang.Object)]]>
              </value>
            </param>
          </params>
          <reporter-output>
          </reporter-output>
        </test-method> <!-- springTestContextAfterTestMethod -->
        <test-method signature="testMatchingReasonExplainationsForCandidate(java.lang.Object)[pri:0, instance:com.farms4life2016.chapter03.TestWaifumonServicesAll@152aa092]" started-at="2024-07-24T01:17:06 EDT" name="testMatchingReasonExplainationsForCandidate" data-provider="configurations" finished-at="2024-07-24T01:17:06 EDT" duration-ms="8" status="PASS">
          <params>
            <param index="0">
              <value>
                <![CDATA[class com.farms4life2016.chapter03.Configuration10]]>
              </value>
            </param>
          </params>
          <reporter-output>
          </reporter-output>
        </test-method> <!-- testMatchingReasonExplainationsForCandidate -->
        <test-method is-config="true" signature="springTestContextBeforeTestMethod(java.lang.reflect.Method)[pri:0, instance:com.farms4life2016.chapter03.TestWaifumonServicesAll@152aa092]" started-at="2024-07-24T01:17:06 EDT" name="springTestContextBeforeTestMethod" finished-at="2024-07-24T01:17:06 EDT" duration-ms="0" status="PASS">
          <params>
            <param index="0">
              <value>
                <![CDATA[public void com.farms4life2016.chapter03.TestWaifumonServicesAll.testMatchingReasonExplainationsForCandidate(java.lang.Object)]]>
              </value>
            </param>
          </params>
          <reporter-output>
          </reporter-output>
        </test-method> <!-- springTestContextBeforeTestMethod -->
        <test-method is-config="true" signature="springTestContextAfterTestMethod(java.lang.reflect.Method)[pri:0, instance:com.farms4life2016.chapter03.TestWaifumonServicesAll@152aa092]" started-at="2024-07-24T01:17:06 EDT" name="springTestContextAfterTestMethod" finished-at="2024-07-24T01:17:06 EDT" duration-ms="1" status="PASS">
          <params>
            <param index="0">
              <value>
                <![CDATA[public void com.farms4life2016.chapter03.TestWaifumonServicesAll.testMatchingReasonExplainationsForCandidate(java.lang.Object)]]>
              </value>
            </param>
          </params>
          <reporter-output>
          </reporter-output>
        </test-method> <!-- springTestContextAfterTestMethod -->
        <test-method signature="testReasonVoting(java.lang.Object)[pri:0, instance:com.farms4life2016.chapter03.TestWaifumonServicesAll@152aa092]" started-at="2024-07-24T01:17:06 EDT" name="testReasonVoting" data-provider="configurations" finished-at="2024-07-24T01:17:06 EDT" duration-ms="12" status="PASS">
          <params>
            <param index="0">
              <value>
                <![CDATA[/config-01.xml]]>
              </value>
            </param>
          </params>
          <reporter-output>
          </reporter-output>
        </test-method> <!-- testReasonVoting -->
        <test-method is-config="true" signature="springTestContextBeforeTestMethod(java.lang.reflect.Method)[pri:0, instance:com.farms4life2016.chapter03.TestWaifumonServicesAll@152aa092]" started-at="2024-07-24T01:17:06 EDT" name="springTestContextBeforeTestMethod" finished-at="2024-07-24T01:17:06 EDT" duration-ms="0" status="PASS">
          <params>
            <param index="0">
              <value>
                <![CDATA[public void com.farms4life2016.chapter03.TestWaifumonServicesAll.testReasonVoting(java.lang.Object)]]>
              </value>
            </param>
          </params>
          <reporter-output>
          </reporter-output>
        </test-method> <!-- springTestContextBeforeTestMethod -->
        <test-method is-config="true" signature="springTestContextAfterTestMethod(java.lang.reflect.Method)[pri:0, instance:com.farms4life2016.chapter03.TestWaifumonServicesAll@152aa092]" started-at="2024-07-24T01:17:06 EDT" name="springTestContextAfterTestMethod" finished-at="2024-07-24T01:17:06 EDT" duration-ms="0" status="PASS">
          <params>
            <param index="0">
              <value>
                <![CDATA[public void com.farms4life2016.chapter03.TestWaifumonServicesAll.testReasonVoting(java.lang.Object)]]>
              </value>
            </param>
          </params>
          <reporter-output>
          </reporter-output>
        </test-method> <!-- springTestContextAfterTestMethod -->
        <test-method is-config="true" signature="springTestContextBeforeTestMethod(java.lang.reflect.Method)[pri:0, instance:com.farms4life2016.chapter03.TestWaifumonServicesAll@152aa092]" started-at="2024-07-24T01:17:06 EDT" name="springTestContextBeforeTestMethod" finished-at="2024-07-24T01:17:06 EDT" duration-ms="0" status="PASS">
          <params>
            <param index="0">
              <value>
                <![CDATA[public void com.farms4life2016.chapter03.TestWaifumonServicesAll.testReasonVoting(java.lang.Object)]]>
              </value>
            </param>
          </params>
          <reporter-output>
          </reporter-output>
        </test-method> <!-- springTestContextBeforeTestMethod -->
        <test-method signature="testReasonVoting(java.lang.Object)[pri:0, instance:com.farms4life2016.chapter03.TestWaifumonServicesAll@152aa092]" started-at="2024-07-24T01:17:06 EDT" name="testReasonVoting" data-provider="configurations" finished-at="2024-07-24T01:17:06 EDT" duration-ms="20" status="PASS">
          <params>
            <param index="0">
              <value>
                <![CDATA[/config-02.xml]]>
              </value>
            </param>
          </params>
          <reporter-output>
          </reporter-output>
        </test-method> <!-- testReasonVoting -->
        <test-method is-config="true" signature="springTestContextAfterTestMethod(java.lang.reflect.Method)[pri:0, instance:com.farms4life2016.chapter03.TestWaifumonServicesAll@152aa092]" started-at="2024-07-24T01:17:06 EDT" name="springTestContextAfterTestMethod" finished-at="2024-07-24T01:17:06 EDT" duration-ms="1" status="PASS">
          <params>
            <param index="0">
              <value>
                <![CDATA[public void com.farms4life2016.chapter03.TestWaifumonServicesAll.testReasonVoting(java.lang.Object)]]>
              </value>
            </param>
          </params>
          <reporter-output>
          </reporter-output>
        </test-method> <!-- springTestContextAfterTestMethod -->
        <test-method is-config="true" signature="springTestContextBeforeTestMethod(java.lang.reflect.Method)[pri:0, instance:com.farms4life2016.chapter03.TestWaifumonServicesAll@152aa092]" started-at="2024-07-24T01:17:06 EDT" name="springTestContextBeforeTestMethod" finished-at="2024-07-24T01:17:06 EDT" duration-ms="1" status="PASS">
          <params>
            <param index="0">
              <value>
                <![CDATA[public void com.farms4life2016.chapter03.TestWaifumonServicesAll.testReasonVoting(java.lang.Object)]]>
              </value>
            </param>
          </params>
          <reporter-output>
          </reporter-output>
        </test-method> <!-- springTestContextBeforeTestMethod -->
        <test-method signature="testReasonVoting(java.lang.Object)[pri:0, instance:com.farms4life2016.chapter03.TestWaifumonServicesAll@152aa092]" started-at="2024-07-24T01:17:06 EDT" name="testReasonVoting" data-provider="configurations" finished-at="2024-07-24T01:17:06 EDT" duration-ms="34" status="PASS">
          <params>
            <param index="0">
              <value>
                <![CDATA[/config-03.xml]]>
              </value>
            </param>
          </params>
          <reporter-output>
          </reporter-output>
        </test-method> <!-- testReasonVoting -->
        <test-method is-config="true" signature="springTestContextAfterTestMethod(java.lang.reflect.Method)[pri:0, instance:com.farms4life2016.chapter03.TestWaifumonServicesAll@152aa092]" started-at="2024-07-24T01:17:06 EDT" name="springTestContextAfterTestMethod" finished-at="2024-07-24T01:17:06 EDT" duration-ms="1" status="PASS">
          <params>
            <param index="0">
              <value>
                <![CDATA[public void com.farms4life2016.chapter03.TestWaifumonServicesAll.testReasonVoting(java.lang.Object)]]>
              </value>
            </param>
          </params>
          <reporter-output>
          </reporter-output>
        </test-method> <!-- springTestContextAfterTestMethod -->
        <test-method is-config="true" signature="springTestContextBeforeTestMethod(java.lang.reflect.Method)[pri:0, instance:com.farms4life2016.chapter03.TestWaifumonServicesAll@152aa092]" started-at="2024-07-24T01:17:06 EDT" name="springTestContextBeforeTestMethod" finished-at="2024-07-24T01:17:06 EDT" duration-ms="2" status="PASS">
          <params>
            <param index="0">
              <value>
                <![CDATA[public void com.farms4life2016.chapter03.TestWaifumonServicesAll.testReasonVoting(java.lang.Object)]]>
              </value>
            </param>
          </params>
          <reporter-output>
          </reporter-output>
        </test-method> <!-- springTestContextBeforeTestMethod -->
        <test-method signature="testReasonVoting(java.lang.Object)[pri:0, instance:com.farms4life2016.chapter03.TestWaifumonServicesAll@152aa092]" started-at="2024-07-24T01:17:06 EDT" name="testReasonVoting" data-provider="configurations" finished-at="2024-07-24T01:17:06 EDT" duration-ms="58" status="PASS">
          <params>
            <param index="0">
              <value>
                <![CDATA[/config-04.xml]]>
              </value>
            </param>
          </params>
          <reporter-output>
          </reporter-output>
        </test-method> <!-- testReasonVoting -->
        <test-method is-config="true" signature="springTestContextAfterTestMethod(java.lang.reflect.Method)[pri:0, instance:com.farms4life2016.chapter03.TestWaifumonServicesAll@152aa092]" started-at="2024-07-24T01:17:06 EDT" name="springTestContextAfterTestMethod" finished-at="2024-07-24T01:17:06 EDT" duration-ms="0" status="PASS">
          <params>
            <param index="0">
              <value>
                <![CDATA[public void com.farms4life2016.chapter03.TestWaifumonServicesAll.testReasonVoting(java.lang.Object)]]>
              </value>
            </param>
          </params>
          <reporter-output>
          </reporter-output>
        </test-method> <!-- springTestContextAfterTestMethod -->
        <test-method signature="testReasonVoting(java.lang.Object)[pri:0, instance:com.farms4life2016.chapter03.TestWaifumonServicesAll@152aa092]" started-at="2024-07-24T01:17:06 EDT" name="testReasonVoting" data-provider="configurations" finished-at="2024-07-24T01:17:06 EDT" duration-ms="11" status="PASS">
          <params>
            <param index="0">
              <value>
                <![CDATA[/config-05.xml]]>
              </value>
            </param>
          </params>
          <reporter-output>
          </reporter-output>
        </test-method> <!-- testReasonVoting -->
        <test-method is-config="true" signature="springTestContextBeforeTestMethod(java.lang.reflect.Method)[pri:0, instance:com.farms4life2016.chapter03.TestWaifumonServicesAll@152aa092]" started-at="2024-07-24T01:17:06 EDT" name="springTestContextBeforeTestMethod" finished-at="2024-07-24T01:17:06 EDT" duration-ms="0" status="PASS">
          <params>
[...]
          <reporter-output>
          </reporter-output>
        </test-method> <!-- springTestContextBeforeTestClass -->
        <test-method is-config="true" signature="springTestContextPrepareTestInstance()[pri:0, instance:com.farms4life2016.chapter03.TestWaifumonService2@7e9131d5]" started-at="2024-07-24T01:17:05 EDT" name="springTestContextPrepareTestInstance" finished-at="2024-07-24T01:17:05 EDT" depends-on-methods="org.springframework.test.context.testng.AbstractTestNGSpringContextTests.springTestContextBeforeTestClass" duration-ms="63" status="PASS">
          <reporter-output>
          </reporter-output>
        </test-method> <!-- springTestContextPrepareTestInstance -->
        <test-method is-config="true" signature="springTestContextBeforeTestMethod(java.lang.reflect.Method)[pri:0, instance:com.farms4life2016.chapter03.TestWaifumonService2@7e9131d5]" started-at="2024-07-24T01:17:05 EDT" name="springTestContextBeforeTestMethod" finished-at="2024-07-24T01:17:05 EDT" duration-ms="1" status="PASS">
          <params>
            <param index="0">
              <value>
                <![CDATA[public void com.farms4life2016.chapter03.TestWaifumonService2.testMatchingCandidateNames()]]>
              </value>
            </param>
          </params>
          <reporter-output>
          </reporter-output>
        </test-method> <!-- springTestContextBeforeTestMethod -->
        <test-method signature="testMatchingCandidateNames()[pri:0, instance:com.farms4life2016.chapter03.TestWaifumonService2@7e9131d5]" started-at="2024-07-24T01:17:05 EDT" name="testMatchingCandidateNames" finished-at="2024-07-24T01:17:05 EDT" duration-ms="5" status="PASS">
          <reporter-output>
          </reporter-output>
        </test-method> <!-- testMatchingCandidateNames -->
        <test-method is-config="true" signature="springTestContextAfterTestMethod(java.lang.reflect.Method)[pri:0, instance:com.farms4life2016.chapter03.TestWaifumonService2@7e9131d5]" started-at="2024-07-24T01:17:05 EDT" name="springTestContextAfterTestMethod" finished-at="2024-07-24T01:17:05 EDT" duration-ms="0" status="PASS">
          <params>
            <param index="0">
              <value>
                <![CDATA[public void com.farms4life2016.chapter03.TestWaifumonService2.testMatchingCandidateNames()]]>
              </value>
            </param>
          </params>
          <reporter-output>
          </reporter-output>
        </test-method> <!-- springTestContextAfterTestMethod -->
        <test-method signature="testMatchingReasonExplainationsForCandidate()[pri:0, instance:com.farms4life2016.chapter03.TestWaifumonService2@7e9131d5]" started-at="2024-07-24T01:17:05 EDT" name="testMatchingReasonExplainationsForCandidate" finished-at="2024-07-24T01:17:05 EDT" duration-ms="2" status="PASS">
          <reporter-output>
          </reporter-output>
        </test-method> <!-- testMatchingReasonExplainationsForCandidate -->
        <test-method is-config="true" signature="springTestContextBeforeTestMethod(java.lang.reflect.Method)[pri:0, instance:com.farms4life2016.chapter03.TestWaifumonService2@7e9131d5]" started-at="2024-07-24T01:17:05 EDT" name="springTestContextBeforeTestMethod" finished-at="2024-07-24T01:17:05 EDT" duration-ms="0" status="PASS">
          <params>
            <param index="0">
              <value>
                <![CDATA[public void com.farms4life2016.chapter03.TestWaifumonService2.testMatchingReasonExplainationsForCandidate()]]>
              </value>
            </param>
          </params>
          <reporter-output>
          </reporter-output>
        </test-method> <!-- springTestContextBeforeTestMethod -->
        <test-method is-config="true" signature="springTestContextAfterTestMethod(java.lang.reflect.Method)[pri:0, instance:com.farms4life2016.chapter03.TestWaifumonService2@7e9131d5]" started-at="2024-07-24T01:17:05 EDT" name="springTestContextAfterTestMethod" finished-at="2024-07-24T01:17:05 EDT" duration-ms="2" status="PASS">
          <params>
            <param index="0">
              <value>
                <![CDATA[public void com.farms4life2016.chapter03.TestWaifumonService2.testMatchingReasonExplainationsForCandidate()]]>
              </value>
            </param>
          </params>
          <reporter-output>
          </reporter-output>
        </test-method> <!-- springTestContextAfterTestMethod -->
        <test-method is-config="true" signature="springTestContextBeforeTestMethod(java.lang.reflect.Method)[pri:0, instance:com.farms4life2016.chapter03.TestWaifumonService2@7e9131d5]" started-at="2024-07-24T01:17:05 EDT" name="springTestContextBeforeTestMethod" finished-at="2024-07-24T01:17:05 EDT" duration-ms="1" status="PASS">
          <params>
            <param index="0">
              <value>
                <![CDATA[public void com.farms4life2016.chapter03.TestWaifumonService2.testReasonVoting()]]>
              </value>
            </param>
          </params>
          <reporter-output>
          </reporter-output>
        </test-method> <!-- springTestContextBeforeTestMethod -->
        <test-method signature="testReasonVoting()[pri:0, instance:com.farms4life2016.chapter03.TestWaifumonService2@7e9131d5]" started-at="2024-07-24T01:17:05 EDT" name="testReasonVoting" finished-at="2024-07-24T01:17:05 EDT" duration-ms="2" status="PASS">
          <reporter-output>
          </reporter-output>
        </test-method> <!-- testReasonVoting -->
        <test-method is-config="true" signature="springTestContextAfterTestMethod(java.lang.reflect.Method)[pri:0, instance:com.farms4life2016.chapter03.TestWaifumonService2@7e9131d5]" started-at="2024-07-24T01:17:05 EDT" name="springTestContextAfterTestMethod" finished-at="2024-07-24T01:17:05 EDT" duration-ms="0" status="PASS">
          <params>
            <param index="0">
              <value>
                <![CDATA[public void com.farms4life2016.chapter03.TestWaifumonService2.testReasonVoting()]]>
              </value>
            </param>
          </params>
          <reporter-output>
          </reporter-output>
        </test-method> <!-- springTestContextAfterTestMethod -->
        <test-method signature="testReasonsForCandidate()[pri:0, instance:com.farms4life2016.chapter03.TestWaifumonService2@7e9131d5]" started-at="2024-07-24T01:17:05 EDT" name="testReasonsForCandidate" finished-at="2024-07-24T01:17:05 EDT" duration-ms="2" status="PASS">
          <reporter-output>
          </reporter-output>
        </test-method> <!-- testReasonsForCandidate -->
        <test-method is-config="true" signature="springTestContextBeforeTestMethod(java.lang.reflect.Method)[pri:0, instance:com.farms4life2016.chapter03.TestWaifumonService2@7e9131d5]" started-at="2024-07-24T01:17:05 EDT" name="springTestContextBeforeTestMethod" finished-at="2024-07-24T01:17:05 EDT" duration-ms="0" status="PASS">
          <params>
            <param index="0">
              <value>
                <![CDATA[public void com.farms4life2016.chapter03.TestWaifumonService2.testReasonsForCandidate()]]>
              </value>
            </param>
          </params>
          <reporter-output>
          </reporter-output>
        </test-method> <!-- springTestContextBeforeTestMethod -->
        <test-method is-config="true" signature="springTestContextAfterTestMethod(java.lang.reflect.Method)[pri:0, instance:com.farms4life2016.chapter03.TestWaifumonService2@7e9131d5]" started-at="2024-07-24T01:17:05 EDT" name="springTestContextAfterTestMethod" finished-at="2024-07-24T01:17:05 EDT" duration-ms="1" status="PASS">
          <params>
            <param index="0">
              <value>
                <![CDATA[public void com.farms4life2016.chapter03.TestWaifumonService2.testReasonsForCandidate()]]>
              </value>
            </param>
          </params>
          <reporter-output>
          </reporter-output>
        </test-method> <!-- springTestContextAfterTestMethod -->
        <test-method is-config="true" signature="springTestContextAfterTestClass()[pri:0, instance:com.farms4life2016.chapter03.TestWaifumonService2@7e9131d5]" started-at="2024-07-24T01:17:05 EDT" name="springTestContextAfterTestClass" finished-at="2024-07-24T01:17:05 EDT" duration-ms="0" status="PASS">
          <reporter-output>
          </reporter-output>
        </test-method> <!-- springTestContextAfterTestClass -->
      </class> <!-- com.farms4life2016.chapter03.TestWaifumonService2 -->
      <class name="com.farms4life2016.chapter03.TestWaifumonService3">
        <test-method is-config="true" signature="springTestContextBeforeTestClass()[pri:0, instance:com.farms4life2016.chapter03.TestWaifumonService3@2e1d27ba]" started-at="2024-07-24T01:17:05 EDT" name="springTestContextBeforeTestClass" finished-at="2024-07-24T01:17:05 EDT" duration-ms="1" status="PASS">
          <reporter-output>
          </reporter-output>
        </test-method> <!-- springTestContextBeforeTestClass -->
        <test-method is-config="true" signature="springTestContextPrepareTestInstance()[pri:0, instance:com.farms4life2016.chapter03.TestWaifumonService3@2e1d27ba]" started-at="2024-07-24T01:17:05 EDT" name="springTestContextPrepareTestInstance" finished-at="2024-07-24T01:17:05 EDT" depends-on-methods="org.springframework.test.context.testng.AbstractTestNGSpringContextTests.springTestContextBeforeTestClass" duration-ms="30" status="PASS">
          <reporter-output>
          </reporter-output>
        </test-method> <!-- springTestContextPrepareTestInstance -->
        <test-method signature="testMatchingCandidateNames()[pri:0, instance:com.farms4life2016.chapter03.TestWaifumonService3@2e1d27ba]" started-at="2024-07-24T01:17:05 EDT" name="testMatchingCandidateNames" finished-at="2024-07-24T01:17:05 EDT" duration-ms="1" status="PASS">
          <reporter-output>
          </reporter-output>
        </test-method> <!-- testMatchingCandidateNames -->
        <test-method is-config="true" signature="springTestContextBeforeTestMethod(java.lang.reflect.Method)[pri:0, instance:com.farms4life2016.chapter03.TestWaifumonService3@2e1d27ba]" started-at="2024-07-24T01:17:05 EDT" name="springTestContextBeforeTestMethod" finished-at="2024-07-24T01:17:05 EDT" duration-ms="0" status="PASS">
          <params>
            <param index="0">
              <value>
                <![CDATA[public void com.farms4life2016.chapter03.TestWaifumonService3.testMatchingCandidateNames()]]>
              </value>
            </param>
          </params>
          <reporter-output>
          </reporter-output>
        </test-method> <!-- springTestContextBeforeTestMethod -->
        <test-method is-config="true" signature="springTestContextAfterTestMethod(java.lang.reflect.Method)[pri:0, instance:com.farms4life2016.chapter03.TestWaifumonService3@2e1d27ba]" started-at="2024-07-24T01:17:05 EDT" name="springTestContextAfterTestMethod" finished-at="2024-07-24T01:17:05 EDT" duration-ms="0" status="PASS">
          <params>
            <param index="0">
              <value>
                <![CDATA[public void com.farms4life2016.chapter03.TestWaifumonService3.testMatchingCandidateNames()]]>
              </value>
            </param>
          </params>
          <reporter-output>
          </reporter-output>
        </test-method> <!-- springTestContextAfterTestMethod -->
        <test-method signature="testReasonVoting()[pri:0, instance:com.farms4life2016.chapter03.TestWaifumonService3@2e1d27ba]" started-at="2024-07-24T01:17:05 EDT" name="testReasonVoting" finished-at="2024-07-24T01:17:05 EDT" duration-ms="1" status="PASS">
          <reporter-output>
          </reporter-output>
        </test-method> <!-- testReasonVoting -->
        <test-method signature="testMatchingReasonExplainationsForCandidate()[pri:0, instance:com.farms4life2016.chapter03.TestWaifumonService3@2e1d27ba]" started-at="2024-07-24T01:17:05 EDT" name="testMatchingReasonExplainationsForCandidate" finished-at="2024-07-24T01:17:05 EDT" duration-ms="0" status="PASS">
          <reporter-output>
          </reporter-output>
        </test-method> <!-- testMatchingReasonExplainationsForCandidate -->
        <test-method is-config="true" signature="springTestContextAfterTestMethod(java.lang.reflect.Method)[pri:0, instance:com.farms4life2016.chapter03.TestWaifumonService3@2e1d27ba]" started-at="2024-07-24T01:17:05 EDT" name="springTestContextAfterTestMethod" finished-at="2024-07-24T01:17:05 EDT" duration-ms="0" status="PASS">
          <params>
            <param index="0">
              <value>
                <![CDATA[public void com.farms4life2016.chapter03.TestWaifumonService3.testMatchingReasonExplainationsForCandidate()]]>
              </value>
            </param>
          </params>
          <reporter-output>
          </reporter-output>
        </test-method> <!-- springTestContextAfterTestMethod -->
        <test-method is-config="true" signature="springTestContextBeforeTestMethod(java.lang.reflect.Method)[pri:0, instance:com.farms4life2016.chapter03.TestWaifumonService3@2e1d27ba]" started-at="2024-07-24T01:17:05 EDT" name="springTestContextBeforeTestMethod" finished-at="2024-07-24T01:17:05 EDT" duration-ms="0" status="PASS">
          <params>
            <param index="0">
              <value>
                <![CDATA[public void com.farms4life2016.chapter03.TestWaifumonService3.testMatchingReasonExplainationsForCandidate()]]>
              </value>
            </param>
          </params>
          <reporter-output>
          </reporter-output>
        </test-method> <!-- springTestContextBeforeTestMethod -->
        <test-method is-config="true" signature="springTestContextBeforeTestMethod(java.lang.reflect.Method)[pri:0, instance:com.farms4life2016.chapter03.TestWaifumonService3@2e1d27ba]" started-at="2024-07-24T01:17:05 EDT" name="springTestContextBeforeTestMethod" finished-at="2024-07-24T01:17:05 EDT" duration-ms="0" status="PASS">
          <params>
            <param index="0">
              <value>
                <![CDATA[public void com.farms4life2016.chapter03.TestWaifumonService3.testReasonVoting()]]>
              </value>
            </param>
          </params>
          <reporter-output>
          </reporter-output>
        </test-method> <!-- springTestContextBeforeTestMethod -->
        <test-method signature="testReasonsForCandidate()[pri:0, instance:com.farms4life2016.chapter03.TestWaifumonService3@2e1d27ba]" started-at="2024-07-24T01:17:05 EDT" name="testReasonsForCandidate" finished-at="2024-07-24T01:17:05 EDT" duration-ms="1" status="PASS">
          <reporter-output>
          </reporter-output>
        </test-method> <!-- testReasonsForCandidate -->
        <test-method is-config="true" signature="springTestContextAfterTestMethod(java.lang.reflect.Method)[pri:0, instance:com.farms4life2016.chapter03.TestWaifumonService3@2e1d27ba]" started-at="2024-07-24T01:17:05 EDT" name="springTestContextAfterTestMethod" finished-at="2024-07-24T01:17:05 EDT" duration-ms="0" status="PASS">
          <params>
            <param index="0">
              <value>
                <![CDATA[public void com.farms4life2016.chapter03.TestWaifumonService3.testReasonVoting()]]>
              </value>
            </param>
          </params>
          <reporter-output>
          </reporter-output>
        </test-method> <!-- springTestContextAfterTestMethod -->
        <test-method is-config="true" signature="springTestContextBeforeTestMethod(java.lang.reflect.Method)[pri:0, instance:com.farms4life2016.chapter03.TestWaifumonService3@2e1d27ba]" started-at="2024-07-24T01:17:05 EDT" name="springTestContextBeforeTestMethod" finished-at="2024-07-24T01:17:05 EDT" duration-ms="0" status="PASS">
          <params>
            <param index="0">
              <value>
                <![CDATA[public void com.farms4life2016.chapter03.TestWaifumonService3.testReasonsForCandidate()]]>
              </value>
            </param>
          </params>
          <reporter-output>
          </reporter-output>
        </test-method> <!-- springTestContextBeforeTestMethod -->
        <test-method is-config="true" signature="springTestContextAfterTestClass()[pri:0, instance:com.farms4life2016.chapter03.TestWaifumonService3@2e1d27ba]" started-at="2024-07-24T01:17:05 EDT" name="springTestContextAfterTestClass" finished-at="2024-07-24T01:17:05 EDT" duration-ms="0" status="PASS">
          <reporter-output>
          </reporter-output>
        </test-method> <!-- springTestContextAfterTestClass -->
        <test-method is-config="true" signature="springTestContextAfterTestMethod(java.lang.reflect.Method)[pri:0, instance:com.farms4life2016.chapter03.TestWaifumonService3@2e1d27ba]" started-at="2024-07-24T01:17:05 EDT" name="springTestContextAfterTestMethod" finished-at="2024-07-24T01:17:05 EDT" duration-ms="0" status="PASS">
          <params>
            <param index="0">
              <value>
                <![CDATA[public void com.farms4life2016.chapter03.TestWaifumonService3.testReasonsForCandidate()]]>
              </value>
            </param>
          </params>
          <reporter-output>
          </reporter-output>
        </test-method> <!-- springTestContextAfterTestMethod -->
      </class> <!-- com.farms4life2016.chapter03.TestWaifumonService3 -->
      <class name="com.farms4life2016.chapter03.TestCappyNormalizer">
        <test-method signature="testCappyNormalization(java.lang.String,java.lang.String)[pri:0, instance:com.farms4life2016.chapter03.TestCappyNormalizer@45b9a632]" started-at="2024-07-24T01:17:04 EDT" name="testCappyNormalization" data-provider="data" finished-at="2024-07-24T01:17:04 EDT" duration-ms="5" status="PASS">
          <params>
            <param index="0">
              <value>
                <![CDATA[    IN   THIS   WORLD,  IT    IS KILL  or BE KILLED!      ]]>
              </value>
            </param>
            <param index="1">
              <value>
                <![CDATA[In This World, It Is Kill Or Be Killed!]]>
              </value>
            </param>
          </params>
          <reporter-output>
          </reporter-output>
        </test-method> <!-- testCappyNormalization -->
        <test-method signature="testCappyNormalization(java.lang.String,java.lang.String)[pri:0, instance:com.farms4life2016.chapter03.TestCappyNormalizer@45b9a632]" started-at="2024-07-24T01:17:04 EDT" name="testCappyNormalization" data-provider="data" finished-at="2024-07-24T01:17:04 EDT" duration-ms="0" status="PASS">
          <params>
            <param index="0">
              <value>
                <![CDATA[Germany]]>
              </value>
            </param>
            <param index="1">
              <value>
                <![CDATA[Germany]]>
              </value>
            </param>
          </params>
          <reporter-output>
          </reporter-output>
        </test-method> <!-- testCappyNormalization -->
        <test-method signature="testCappyNormalization(java.lang.String,java.lang.String)[pri:0, instance:com.farms4life2016.chapter03.TestCappyNormalizer@45b9a632]" started-at="2024-07-24T01:17:04 EDT" name="testCappyNormalization" data-provider="data" finished-at="2024-07-24T01:17:04 EDT" duration-ms="0" status="PASS">
          <params>
            <param index="0">
              <value>
                <![CDATA[A dog             2 3  4 lmao   ]]>
              </value>
            </param>
            <param index="1">
              <value>
                <![CDATA[A Dog 2 3 4 Lmao]]>
              </value>
            </param>
          </params>
          <reporter-output>
          </reporter-output>
        </test-method> <!-- testCappyNormalization -->
      </class> <!-- com.farms4life2016.chapter03.TestCappyNormalizer -->
    </test> <!-- Surefire test -->
  </suite> <!-- Surefire suite -->
</testng-results>
