<?xml version="1.0" encoding="UTF-8"?>
<testsuite xmlns:xsi="http://www.w3.org/2001/XMLSchema-instance" xsi:noNamespaceSchemaLocation="https://maven.apache.org/surefire/maven-surefire-plugin/xsd/surefire-test-report-3.0.xsd" version="3.0" name="TestSuite" time="3.224" tests="73" errors="0" skipped="0" failures="0">
  <properties>
[...]
</properties>
  <testcase name="testCappyNormalization[    IN   THIS   WORLD,  IT    IS KILL  or BE KILLED!      , In This World, It Is Kill Or Be Killed!](1)" classname="com.farms4life2016.chapter03.TestCappyNormalizer" time="0.003">
    <system-err><![CDATA[SLF4J: No SLF4J providers were found.
SLF4J: Defaulting to no-operation (NOP) logger implementation
SLF4J: See https://www.slf4j.org/codes.html#noProviders for further details.
]]></system-err>
  </testcase>
  <testcase name="testCappyNormalization[Germany, Germany](2)" classname="com.farms4life2016.chapter03.TestCappyNormalizer" time="0.001"/>
  <testcase name="testCappyNormalization[A dog             2 3  4 lmao   , A Dog 2 3 4 Lmao](3)" classname="com.farms4life2016.chapter03.TestCappyNormalizer" time="0.0"/>
  <testcase name="validateResourceExistence[waifumonServicesTests](1)" classname="com.farms4life2016.chapter03.TestConfigurationImport" time="0.004"/>
  <testcase name="validateResourceExistence[class com.farms4life2016.chapter03.WaifumonServicesTests](2)" classname="com.farms4life2016.chapter03.TestConfigurationImport" time="0.002"/>
  <testcase name="validateResourceExistence[second](3)" classname="com.farms4life2016.chapter03.TestConfigurationImport" time="0.0"/>
  <testcase name="validateResourceExistence[cappy](4)" classname="com.farms4life2016.chapter03.TestConfigurationImport" time="0.001"/>
  <testcase name="validateResourceExistence[class com.farms4life2016.chapter03.mem03.SecondNormalizer](5)" classname="com.farms4life2016.chapter03.TestConfigurationImport" time="0.0"/>
  <testcase name="validateResourceExistence[class com.farms4life2016.chapter03.mem03.CappyNormalizer](6)" classname="com.farms4life2016.chapter03.TestConfigurationImport" time="0.001"/>
  <testcase name="validateResourceExistence[waifumonService4](7)" classname="com.farms4life2016.chapter03.TestConfigurationImport" time="0.006"/>
  <testcase name="testConfiguration" classname="com.farms4life2016.chapter03.TestWaifumonService1" time="0.001"/>
  <testcase name="testWaifumonService" classname="com.farms4life2016.chapter03.TestWaifumonService1" time="0.004"/>
  <testcase name="testMatchingCandidateNames" classname="com.farms4life2016.chapter03.TestWaifumonService2" time="0.004"/>
  <testcase name="testMatchingReasonExplainationsForCandidate" classname="com.farms4life2016.chapter03.TestWaifumonService2" time="0.003"/>
  <testcase name="testReasonVoting" classname="com.farms4life2016.chapter03.TestWaifumonService2" time="0.002"/>
  <testcase name="testReasonsForCandidate" classname="com.farms4life2016.chapter03.TestWaifumonService2" time="0.002"/>
  <testcase name="testMatchingCandidateNames" classname="com.farms4life2016.chapter03.TestWaifumonService3" time="0.0"/>
  <testcase name="testMatchingReasonExplainationsForCandidate" classname="com.farms4life2016.chapter03.TestWaifumonService3" time="0.0"/>
  <testcase name="testReasonVoting" classname="com.farms4life2016.chapter03.TestWaifumonService3" time="0.0"/>
  <testcase name="testReasonsForCandidate" classname="com.farms4life2016.chapter03.TestWaifumonService3" time="0.0"/>
  <testcase name="testMatchingCandidateNames" classname="com.farms4life2016.chapter03.TestWaifumonServices4" time="0.001"/>
  <testcase name="testMatchingReasonExplainationsForCandidate" classname="com.farms4life2016.chapter03.TestWaifumonServices4" time="0.0"/>
  <testcase name="testReasonVoting" classname="com.farms4life2016.chapter03.TestWaifumonServices4" time="0.0"/>
  <testcase name="testReasonsForCandidate" classname="com.farms4life2016.chapter03.TestWaifumonServices4" time="0.0"/>
  <testcase name="testMatchingCandidateNames" classname="com.farms4life2016.chapter03.TestWaifumonServices5" time="0.0"/>
  <testcase name="testMatchingReasonExplainationsForCandidate" classname="com.farms4life2016.chapter03.TestWaifumonServices5" time="0.001"/>
  <testcase name="testReasonVoting" classname="com.farms4life2016.chapter03.TestWaifumonServices5" time="0.001"/>
  <testcase name="testReasonsForCandidate" classname="com.farms4life2016.chapter03.TestWaifumonServices5" time="0.001"/>
  <testcase name="testMatchingCandidateNames" classname="com.farms4life2016.chapter03.TestWaifumonServices6" time="0.001"/>
  <testcase name="testMatchingReasonExplainationsForCandidate" classname="com.farms4life2016.chapter03.TestWaifumonServices6" time="0.001"/>
  <testcase name="testReasonVoting" classname="com.farms4life2016.chapter03.TestWaifumonServices6" time="0.001"/>
  <testcase name="testReasonsForCandidate" classname="com.farms4life2016.chapter03.TestWaifumonServices6" time="0.001"/>
  <testcase name="testMatchingCandidateNames[/config-01.xml](1)" classname="com.farms4life2016.chapter03.TestWaifumonServicesAll" time="0.076"/>
  <testcase name="testMatchingCandidateNames[/config-02.xml](2)" classname="com.farms4life2016.chapter03.TestWaifumonServicesAll" time="0.084"/>
  <testcase name="testMatchingCandidateNames[/config-03.xml](3)" classname="com.farms4life2016.chapter03.TestWaifumonServicesAll" time="0.049"/>
  <testcase name="testMatchingCandidateNames[/config-04.xml](4)" classname="com.farms4life2016.chapter03.TestWaifumonServicesAll" time="0.081"/>
  <testcase name="testMatchingCandidateNames[/config-05.xml](5)" classname="com.farms4life2016.chapter03.TestWaifumonServicesAll" time="0.066"/>
  <testcase name="testMatchingCandidateNames[/config-06.xml](6)" classname="com.farms4life2016.chapter03.TestWaifumonServicesAll" time="0.023"/>
  <testcase name="testMatchingCandidateNames[class com.farms4life2016.chapter03.Configuration7](7)" classname="com.farms4life2016.chapter03.TestWaifumonServicesAll" time="0.069"/>
  <testcase name="testMatchingCandidateNames[class com.farms4life2016.chapter03.Configuration8](8)" classname="com.farms4life2016.chapter03.TestWaifumonServicesAll" time="0.027"/>
  <testcase name="testMatchingCandidateNames[class com.farms4life2016.chapter03.Configuration9](9)" classname="com.farms4life2016.chapter03.TestWaifumonServicesAll" time="0.027"/>
  <testcase name="testMatchingCandidateNames[class com.farms4life2016.chapter03.Configuration10](10)" classname="com.farms4life2016.chapter03.TestWaifumonServicesAll" time="0.024"/>
  <testcase name="testMatchingReasonExplainationsForCandidate[/config-01.xml](1)" classname="com.farms4life2016.chapter03.TestWaifumonServicesAll" time="0.027"/>
  <testcase name="testMatchingReasonExplainationsForCandidate[/config-02.xml](2)" classname="com.farms4life2016.chapter03.TestWaifumonServicesAll" time="0.026"/>
  <testcase name="testMatchingReasonExplainationsForCandidate[/config-03.xml](3)" classname="com.farms4life2016.chapter03.TestWaifumonServicesAll" time="0.039"/>
  <testcase name="testMatchingReasonExplainationsForCandidate[/config-04.xml](4)" classname="com.farms4life2016.chapter03.TestWaifumonServicesAll" time="0.055"/>
  <testcase name="testMatchingReasonExplainationsForCandidate[/config-05.xml](5)" classname="com.farms4life2016.chapter03.TestWaifumonServicesAll" time="0.025"/>
  <testcase name="testMatchingReasonExplainationsForCandidate[/config-06.xml](6)" classname="com.farms4life2016.chapter03.TestWaifumonServicesAll" time="0.023"/>
  <testcase name="testMatchingReasonExplainationsForCandidate[class com.farms4life2016.chapter03.Configuration7](7)" classname="com.farms4life2016.chapter03.TestWaifumonServicesAll" time="0.007"/>
  <testcase name="testMatchingReasonExplainationsForCandidate[class com.farms4life2016.chapter03.Configuration8](8)" classname="com.farms4life2016.chapter03.TestWaifumonServicesAll" time="0.008"/>
  <testcase name="testMatchingReasonExplainationsForCandidate[class com.farms4life2016.chapter03.Configuration9](9)" classname="com.farms4life2016.chapter03.TestWaifumonServicesAll" time="0.01"/>
  <testcase name="testMatchingReasonExplainationsForCandidate[class com.farms4life2016.chapter03.Configuration10](10)" classname="com.farms4life2016.chapter03.TestWaifumonServicesAll" time="0.007"/>
  <testcase name="testReasonVoting[/config-01.xml](1)" classname="com.farms4life2016.chapter03.TestWaifumonServicesAll" time="0.011"/>
  <testcase name="testReasonVoting[/config-02.xml](2)" classname="com.farms4life2016.chapter03.TestWaifumonServicesAll" time="0.021"/>
  <testcase name="testReasonVoting[/config-03.xml](3)" classname="com.farms4life2016.chapter03.TestWaifumonServicesAll" time="0.033"/>
  <testcase name="testReasonVoting[/config-04.xml](4)" classname="com.farms4life2016.chapter03.TestWaifumonServicesAll" time="0.059"/>
  <testcase name="testReasonVoting[/config-05.xml](5)" classname="com.farms4life2016.chapter03.TestWaifumonServicesAll" time="0.01"/>
  <testcase name="testReasonVoting[/config-06.xml](6)" classname="com.farms4life2016.chapter03.TestWaifumonServicesAll" time="0.012"/>
  <testcase name="testReasonVoting[class com.farms4life2016.chapter03.Configuration7](7)" classname="com.farms4life2016.chapter03.TestWaifumonServicesAll" time="0.003"/>
  <testcase name="testReasonVoting[class com.farms4life2016.chapter03.Configuration8](8)" classname="com.farms4life2016.chapter03.TestWaifumonServicesAll" time="0.008"/>
  <testcase name="testReasonVoting[class com.farms4life2016.chapter03.Configuration9](9)" classname="com.farms4life2016.chapter03.TestWaifumonServicesAll" time="0.005"/>
  <testcase name="testReasonVoting[class com.farms4life2016.chapter03.Configuration10](10)" classname="com.farms4life2016.chapter03.TestWaifumonServicesAll" time="0.007"/>
  <testcase name="testReasonsForCandidate[/config-01.xml](1)" classname="com.farms4life2016.chapter03.TestWaifumonServicesAll" time="0.018"/>
  <testcase name="testReasonsForCandidate[/config-02.xml](2)" classname="com.farms4life2016.chapter03.TestWaifumonServicesAll" time="0.038"/>
  <testcase name="testReasonsForCandidate[/config-03.xml](3)" classname="com.farms4life2016.chapter03.TestWaifumonServicesAll" time="0.034"/>
  <testcase name="testReasonsForCandidate[/config-04.xml](4)" classname="com.farms4life2016.chapter03.TestWaifumonServicesAll" time="0.057"/>
  <testcase name="testReasonsForCandidate[/config-05.xml](5)" classname="com.farms4life2016.chapter03.TestWaifumonServicesAll" time="0.023"/>
  <testcase name="testReasonsForCandidate[/config-06.xml](6)" classname="com.farms4life2016.chapter03.TestWaifumonServicesAll" time="0.026"/>
  <testcase name="testReasonsForCandidate[class com.farms4life2016.chapter03.Configuration7](7)" classname="com.farms4life2016.chapter03.TestWaifumonServicesAll" time="0.005"/>
  <testcase name="testReasonsForCandidate[class com.farms4life2016.chapter03.Configuration8](8)" classname="com.farms4life2016.chapter03.TestWaifumonServicesAll" time="0.009"/>
  <testcase name="testReasonsForCandidate[class com.farms4life2016.chapter03.Configuration9](9)" classname="com.farms4life2016.chapter03.TestWaifumonServicesAll" time="0.014"/>
  <testcase name="testReasonsForCandidate[class com.farms4life2016.chapter03.Configuration10](10)" classname="com.farms4life2016.chapter03.TestWaifumonServicesAll" time="0.013"/>
  <testcase name="testRunMethod" classname="com.farms4life2016.chapter03.TestWaifumonServicesAll" time="0.002"/>
</testsuite>