<?xml version="1.0" encoding="UTF-8"?>
<!-- Generated by org.testng.reporters.JUnitXMLReporter -->
<testsuite ignored="0" hostname="G13CH_Gaming-PC" failures="0" tests="73" name="Surefire test" time="2.275" errors="0" timestamp="2024-07-24T01:17:07 EDT">
  <testcase classname="com.farms4life2016.chapter03.TestCappyNormalizer" name="testCappyNormalization" time="0.005"/>
  <testcase classname="com.farms4life2016.chapter03.TestCappyNormalizer" name="testCappyNormalization" time="0.0"/>
  <testcase classname="com.farms4life2016.chapter03.TestCappyNormalizer" name="testCappyNormalization" time="0.0"/>
  <testcase classname="com.farms4life2016.chapter03.TestConfigurationImport" name="validateResourceExistence" time="0.004"/>
  <testcase classname="com.farms4life2016.chapter03.TestConfigurationImport" name="validateResourceExistence" time="0.003"/>
  <testcase classname="com.farms4life2016.chapter03.TestConfigurationImport" name="validateResourceExistence" time="0.0"/>
  <testcase classname="com.farms4life2016.chapter03.TestConfigurationImport" name="validateResourceExistence" time="0.0"/>
  <testcase classname="com.farms4life2016.chapter03.TestConfigurationImport" name="validateResourceExistence" time="0.001"/>
  <testcase classname="com.farms4life2016.chapter03.TestConfigurationImport" name="validateResourceExistence" time="0.0"/>
  <testcase classname="com.farms4life2016.chapter03.TestConfigurationImport" name="validateResourceExistence" time="0.0"/>
  <testcase classname="com.farms4life2016.chapter03.TestWaifumonService1" name="testConfiguration" time="0.002"/>
  <testcase classname="com.farms4life2016.chapter03.TestWaifumonService1" name="testWaifumonService" time="0.004"/>
  <testcase classname="com.farms4life2016.chapter03.TestWaifumonService2" name="testMatchingCandidateNames" time="0.005"/>
  <testcase classname="com.farms4life2016.chapter03.TestWaifumonService2" name="testMatchingReasonExplainationsForCandidate" time="0.002"/>
  <testcase classname="com.farms4life2016.chapter03.TestWaifumonService2" name="testReasonVoting" time="0.002"/>
  <testcase classname="com.farms4life2016.chapter03.TestWaifumonService2" name="testReasonsForCandidate" time="0.002"/>
  <testcase classname="com.farms4life2016.chapter03.TestWaifumonService3" name="testMatchingCandidateNames" time="0.001"/>
  <testcase classname="com.farms4life2016.chapter03.TestWaifumonService3" name="testMatchingReasonExplainationsForCandidate" time="0.0"/>
  <testcase classname="com.farms4life2016.chapter03.TestWaifumonService3" name="testReasonVoting" time="0.001"/>
  <testcase classname="com.farms4life2016.chapter03.TestWaifumonService3" name="testReasonsForCandidate" time="0.001"/>
  <testcase classname="com.farms4life2016.chapter03.TestWaifumonServices4" name="testMatchingCandidateNames" time="0.0"/>
  <testcase classname="com.farms4life2016.chapter03.TestWaifumonServices4" name="testMatchingReasonExplainationsForCandidate" time="0.001"/>
  <testcase classname="com.farms4life2016.chapter03.TestWaifumonServices4" name="testReasonVoting" time="0.0"/>
  <testcase classname="com.farms4life2016.chapter03.TestWaifumonServices4" name="testReasonsForCandidate" time="0.0"/>
  <testcase classname="com.farms4life2016.chapter03.TestWaifumonServices5" name="testMatchingCandidateNames" time="0.001"/>
  <testcase classname="com.farms4life2016.chapter03.TestWaifumonServices5" name="testMatchingReasonExplainationsForCandidate" time="0.001"/>
  <testcase classname="com.farms4life2016.chapter03.TestWaifumonServices5" name="testReasonVoting" time="0.002"/>
  <testcase classname="com.farms4life2016.chapter03.TestWaifumonServices5" name="testReasonsForCandidate" time="0.001"/>
  <testcase classname="com.farms4life2016.chapter03.TestWaifumonServices6" name="testMatchingCandidateNames" time="0.001"/>
  <testcase classname="com.farms4life2016.chapter03.TestWaifumonServices6" name="testMatchingReasonExplainationsForCandidate" time="0.001"/>
  <testcase classname="com.farms4life2016.chapter03.TestWaifumonServices6" name="testReasonVoting" time="0.001"/>
  <testcase classname="com.farms4life2016.chapter03.TestWaifumonServices6" name="testReasonsForCandidate" time="0.001"/>
  <testcase classname="com.farms4life2016.chapter03.TestWaifumonServicesAll" name="testMatchingCandidateNames" time="0.08"/>
  <testcase classname="com.farms4life2016.chapter03.TestWaifumonServicesAll" name="testMatchingCandidateNames" time="0.082"/>
  <testcase classname="com.farms4life2016.chapter03.TestWaifumonServicesAll" name="testMatchingCandidateNames" time="0.049"/>
  <testcase classname="com.farms4life2016.chapter03.TestWaifumonServicesAll" name="testMatchingCandidateNames" time="0.081"/>
  <testcase classname="com.farms4life2016.chapter03.TestWaifumonServicesAll" name="testMatchingCandidateNames" time="0.068"/>
  <testcase classname="com.farms4life2016.chapter03.TestWaifumonServicesAll" name="testMatchingCandidateNames" time="0.022"/>
  <testcase classname="com.farms4life2016.chapter03.TestWaifumonServicesAll" name="testMatchingCandidateNames" time="0.069"/>
  <testcase classname="com.farms4life2016.chapter03.TestWaifumonServicesAll" name="testMatchingCandidateNames" time="0.027"/>
  <testcase classname="com.farms4life2016.chapter03.TestWaifumonServicesAll" name="testMatchingCandidateNames" time="0.022"/>
  <testcase classname="com.farms4life2016.chapter03.TestWaifumonServicesAll" name="testMatchingCandidateNames" time="0.024"/>
  <testcase classname="com.farms4life2016.chapter03.TestWaifumonServicesAll" name="testMatchingReasonExplainationsForCandidate" time="0.026"/>
  <testcase classname="com.farms4life2016.chapter03.TestWaifumonServicesAll" name="testMatchingReasonExplainationsForCandidate" time="0.027"/>
  <testcase classname="com.farms4life2016.chapter03.TestWaifumonServicesAll" name="testMatchingReasonExplainationsForCandidate" time="0.039"/>
  <testcase classname="com.farms4life2016.chapter03.TestWaifumonServicesAll" name="testMatchingReasonExplainationsForCandidate" time="0.054"/>
  <testcase classname="com.farms4life2016.chapter03.TestWaifumonServicesAll" name="testMatchingReasonExplainationsForCandidate" time="0.025"/>
  <testcase classname="com.farms4life2016.chapter03.TestWaifumonServicesAll" name="testMatchingReasonExplainationsForCandidate" time="0.023"/>
  <testcase classname="com.farms4life2016.chapter03.TestWaifumonServicesAll" name="testMatchingReasonExplainationsForCandidate" time="0.009"/>
  <testcase classname="com.farms4life2016.chapter03.TestWaifumonServicesAll" name="testMatchingReasonExplainationsForCandidate" time="0.008"/>
  <testcase classname="com.farms4life2016.chapter03.TestWaifumonServicesAll" name="testMatchingReasonExplainationsForCandidate" time="0.009"/>
  <testcase classname="com.farms4life2016.chapter03.TestWaifumonServicesAll" name="testMatchingReasonExplainationsForCandidate" time="0.008"/>
  <testcase classname="com.farms4life2016.chapter03.TestWaifumonServicesAll" name="testReasonVoting" time="0.012"/>
  <testcase classname="com.farms4life2016.chapter03.TestWaifumonServicesAll" name="testReasonVoting" time="0.02"/>
  <testcase classname="com.farms4life2016.chapter03.TestWaifumonServicesAll" name="testReasonVoting" time="0.034"/>
  <testcase classname="com.farms4life2016.chapter03.TestWaifumonServicesAll" name="testReasonVoting" time="0.058"/>
  <testcase classname="com.farms4life2016.chapter03.TestWaifumonServicesAll" name="testReasonVoting" time="0.011"/>
  <testcase classname="com.farms4life2016.chapter03.TestWaifumonServicesAll" name="testReasonVoting" time="0.012"/>
  <testcase classname="com.farms4life2016.chapter03.TestWaifumonServicesAll" name="testReasonVoting" time="0.003"/>
  <testcase classname="com.farms4life2016.chapter03.TestWaifumonServicesAll" name="testReasonVoting" time="0.008"/>
  <testcase classname="com.farms4life2016.chapter03.TestWaifumonServicesAll" name="testReasonVoting" time="0.004"/>
  <testcase classname="com.farms4life2016.chapter03.TestWaifumonServicesAll" name="testReasonVoting" time="0.006"/>
  <testcase classname="com.farms4life2016.chapter03.TestWaifumonServicesAll" name="testReasonsForCandidate" time="0.018"/>
  <testcase classname="com.farms4life2016.chapter03.TestWaifumonServicesAll" name="testReasonsForCandidate" time="0.038"/>
  <testcase classname="com.farms4life2016.chapter03.TestWaifumonServicesAll" name="testReasonsForCandidate" time="0.033"/>
  <testcase classname="com.farms4life2016.chapter03.TestWaifumonServicesAll" name="testReasonsForCandidate" time="0.058"/>
  <testcase classname="com.farms4life2016.chapter03.TestWaifumonServicesAll" name="testReasonsForCandidate" time="0.022"/>
  <testcase classname="com.farms4life2016.chapter03.TestWaifumonServicesAll" name="testReasonsForCandidate" time="0.026"/>
  <testcase classname="com.farms4life2016.chapter03.TestWaifumonServicesAll" name="testReasonsForCandidate" time="0.005"/>
  <testcase classname="com.farms4life2016.chapter03.TestWaifumonServicesAll" name="testReasonsForCandidate" time="0.008"/>
  <testcase classname="com.farms4life2016.chapter03.TestWaifumonServicesAll" name="testReasonsForCandidate" time="0.013"/>
  <testcase classname="com.farms4life2016.chapter03.TestWaifumonServicesAll" name="testReasonsForCandidate" time="0.013"/>
  <testcase classname="com.farms4life2016.chapter03.TestWaifumonServicesAll" name="testRunMethod" time="0.002"/>
</testsuite> <!-- Surefire test -->
