<?xml version="1.0" encoding="UTF-8"?>
<!-- Generated by org.testng.reporters.JUnitXMLReporter -->
<testsuite ignored="0" hostname="G13CH_Gaming-PC" failures="0" tests="2" name="Surefire test" time="0.188" errors="0" timestamp="2024-07-22T23:23:18 EDT">
  <testcase classname="com.farms4life2016.chapter02.GreeterTest" name="testHelloWorld" time="0.004"/>
  <testcase classname="com.farms4life2016.chapter02.SpringGreeterTest" name="testHelloWorld" time="0.162"/>
</testsuite> <!-- Surefire test -->
